{"timestamp":"2025-09-06T07:28:48.913Z","level":"info","message":"CORS配置已加载","allowedOrigins":"http://localhost:5173","credentials":true}
{"timestamp":"2025-09-06T07:28:48.947Z","level":"info","message":"Server started","port":"3000","apiUrl":"http://localhost:3000/api/v1","healthCheck":"http://localhost:3000/health","corsStatus":"http://localhost:3000/cors-status","endpoints":{"login":"POST /api/v1/auth/login","attendanceStats":"GET /api/v1/attendance/stats","vehicleStats":"GET /api/v1/vehicles/stats","monitoringStats":"GET /api/v1/monitoring/stats"}}
{"timestamp":"2025-09-06T07:28:48.962Z","level":"info","message":"Admin user already exists, skipping creation"}
{"timestamp":"2025-09-06T07:28:48.963Z","level":"info","message":"Sample worksite already exists, skipping creation"}
{"timestamp":"2025-09-06T07:28:48.968Z","level":"info","message":"License type seed data completed"}
{"timestamp":"2025-09-06T07:28:48.968Z","level":"info","message":"Sample data creation is disabled"}
{"timestamp":"2025-09-06T07:29:01.106Z","level":"info","message":"HTTP Request","method":"POST","url":"/api/v1/auth/login","status":200,"duration":"224ms","userAgent":"Mozilla/5.0 (Macintosh; Intel Mac OS X 10_15_7) AppleWebKit/605.1.15 (KHTML, like Gecko) Version/18.6 Safari/605.1.15","ip":"::1"}
{"timestamp":"2025-09-06T07:29:01.213Z","level":"info","message":"Fetching monitoring statistics"}
{"timestamp":"2025-09-06T07:29:01.213Z","level":"info","message":"Fetching vehicle statistics"}
{"timestamp":"2025-09-06T07:29:01.218Z","level":"info","message":"Monitoring statistics retrieved","stats":{"online":0,"recording":0,"alert":3,"offline":0}}
{"timestamp":"2025-09-06T07:29:01.219Z","level":"info","message":"HTTP Request","method":"GET","url":"/api/v1/monitoring/stats","status":200,"duration":"7ms","userAgent":"Mozilla/5.0 (Macintosh; Intel Mac OS X 10_15_7) AppleWebKit/605.1.15 (KHTML, like Gecko) Version/18.6 Safari/605.1.15","ip":"::1"}
{"timestamp":"2025-09-06T07:29:01.219Z","level":"info","message":"Vehicle statistics retrieved","stats":{"running":0,"idle":0,"maintenance":0,"offline":0}}
{"timestamp":"2025-09-06T07:29:01.220Z","level":"info","message":"HTTP Request","method":"GET","url":"/api/v1/vehicles/stats","status":200,"duration":"7ms","userAgent":"Mozilla/5.0 (Macintosh; Intel Mac OS X 10_15_7) AppleWebKit/605.1.15 (KHTML, like Gecko) Version/18.6 Safari/605.1.15","ip":"::1"}
{"timestamp":"2025-09-06T07:29:01.224Z","level":"info","message":"HTTP Request","method":"GET","url":"/api/v1/licenses/expiring?within=60","status":200,"duration":"13ms","userAgent":"Mozilla/5.0 (Macintosh; Intel Mac OS X 10_15_7) AppleWebKit/605.1.15 (KHTML, like Gecko) Version/18.6 Safari/605.1.15","ip":"::1"}
{"timestamp":"2025-09-06T07:29:01.225Z","level":"info","message":"HTTP Request","method":"GET","url":"/api/v1/attendance/stats","status":200,"duration":"16ms","userAgent":"Mozilla/5.0 (Macintosh; Intel Mac OS X 10_15_7) AppleWebKit/605.1.15 (KHTML, like Gecko) Version/18.6 Safari/605.1.15","ip":"::1"}
{"timestamp":"2025-09-06T07:30:01.210Z","level":"info","message":"HTTP Request","method":"GET","url":"/api/v1/licenses/expiring?within=60","status":200,"duration":"5ms","userAgent":"Mozilla/5.0 (Macintosh; Intel Mac OS X 10_15_7) AppleWebKit/605.1.15 (KHTML, like Gecko) Version/18.6 Safari/605.1.15","ip":"::1"}
{"timestamp":"2025-09-06T07:30:01.211Z","level":"info","message":"Fetching monitoring statistics"}
{"timestamp":"2025-09-06T07:30:01.212Z","level":"info","message":"Fetching vehicle statistics"}
{"timestamp":"2025-09-06T07:30:01.213Z","level":"info","message":"Monitoring statistics retrieved","stats":{"online":0,"recording":0,"alert":3,"offline":0}}
{"timestamp":"2025-09-06T07:30:01.213Z","level":"info","message":"HTTP Request","method":"GET","url":"/api/v1/monitoring/stats","status":200,"duration":"2ms","userAgent":"Mozilla/5.0 (Macintosh; Intel Mac OS X 10_15_7) AppleWebKit/605.1.15 (KHTML, like Gecko) Version/18.6 Safari/605.1.15","ip":"::1"}
{"timestamp":"2025-09-06T07:30:01.213Z","level":"info","message":"Vehicle statistics retrieved","stats":{"running":0,"idle":0,"maintenance":0,"offline":0}}
{"timestamp":"2025-09-06T07:30:01.214Z","level":"info","message":"HTTP Request","method":"GET","url":"/api/v1/vehicles/stats","status":200,"duration":"1ms","userAgent":"Mozilla/5.0 (Macintosh; Intel Mac OS X 10_15_7) AppleWebKit/605.1.15 (KHTML, like Gecko) Version/18.6 Safari/605.1.15","ip":"::1"}
{"timestamp":"2025-09-06T07:30:01.217Z","level":"info","message":"HTTP Request","method":"GET","url":"/api/v1/attendance/stats","status":200,"duration":"6ms","userAgent":"Mozilla/5.0 (Macintosh; Intel Mac OS X 10_15_7) AppleWebKit/605.1.15 (KHTML, like Gecko) Version/18.6 Safari/605.1.15","ip":"::1"}
{"timestamp":"2025-09-06T07:31:01.215Z","level":"info","message":"Fetching vehicle statistics"}
{"timestamp":"2025-09-06T07:31:01.217Z","level":"info","message":"Fetching monitoring statistics"}
{"timestamp":"2025-09-06T07:31:01.220Z","level":"info","message":"HTTP Request","method":"GET","url":"/api/v1/licenses/expiring?within=60","status":200,"duration":"15ms","userAgent":"Mozilla/5.0 (Macintosh; Intel Mac OS X 10_15_7) AppleWebKit/605.1.15 (KHTML, like Gecko) Version/18.6 Safari/605.1.15","ip":"::1"}
{"timestamp":"2025-09-06T07:31:01.223Z","level":"info","message":"Monitoring statistics retrieved","stats":{"online":0,"recording":0,"alert":3,"offline":0}}
{"timestamp":"2025-09-06T07:31:01.224Z","level":"info","message":"HTTP Request","method":"GET","url":"/api/v1/monitoring/stats","status":200,"duration":"7ms","userAgent":"Mozilla/5.0 (Macintosh; Intel Mac OS X 10_15_7) AppleWebKit/605.1.15 (KHTML, like Gecko) Version/18.6 Safari/605.1.15","ip":"::1"}
{"timestamp":"2025-09-06T07:31:01.224Z","level":"info","message":"Vehicle statistics retrieved","stats":{"running":0,"idle":0,"maintenance":0,"offline":0}}
{"timestamp":"2025-09-06T07:31:01.225Z","level":"info","message":"HTTP Request","method":"GET","url":"/api/v1/vehicles/stats","status":200,"duration":"10ms","userAgent":"Mozilla/5.0 (Macintosh; Intel Mac OS X 10_15_7) AppleWebKit/605.1.15 (KHTML, like Gecko) Version/18.6 Safari/605.1.15","ip":"::1"}
{"timestamp":"2025-09-06T07:31:01.231Z","level":"info","message":"HTTP Request","method":"GET","url":"/api/v1/attendance/stats","status":200,"duration":"18ms","userAgent":"Mozilla/5.0 (Macintosh; Intel Mac OS X 10_15_7) AppleWebKit/605.1.15 (KHTML, like Gecko) Version/18.6 Safari/605.1.15","ip":"::1"}
{"timestamp":"2025-09-06T07:32:01.215Z","level":"info","message":"Fetching monitoring statistics"}
{"timestamp":"2025-09-06T07:32:01.218Z","level":"info","message":"Fetching vehicle statistics"}
{"timestamp":"2025-09-06T07:32:01.222Z","level":"info","message":"HTTP Request","method":"GET","url":"/api/v1/licenses/expiring?within=60","status":200,"duration":"16ms","userAgent":"Mozilla/5.0 (Macintosh; Intel Mac OS X 10_15_7) AppleWebKit/605.1.15 (KHTML, like Gecko) Version/18.6 Safari/605.1.15","ip":"::1"}
{"timestamp":"2025-09-06T07:32:01.224Z","level":"info","message":"Monitoring statistics retrieved","stats":{"online":0,"recording":0,"alert":3,"offline":0}}
{"timestamp":"2025-09-06T07:32:01.225Z","level":"info","message":"HTTP Request","method":"GET","url":"/api/v1/monitoring/stats","status":200,"duration":"10ms","userAgent":"Mozilla/5.0 (Macintosh; Intel Mac OS X 10_15_7) AppleWebKit/605.1.15 (KHTML, like Gecko) Version/18.6 Safari/605.1.15","ip":"::1"}
{"timestamp":"2025-09-06T07:32:01.225Z","level":"info","message":"Vehicle statistics retrieved","stats":{"running":0,"idle":0,"maintenance":0,"offline":0}}
{"timestamp":"2025-09-06T07:32:01.226Z","level":"info","message":"HTTP Request","method":"GET","url":"/api/v1/vehicles/stats","status":200,"duration":"8ms","userAgent":"Mozilla/5.0 (Macintosh; Intel Mac OS X 10_15_7) AppleWebKit/605.1.15 (KHTML, like Gecko) Version/18.6 Safari/605.1.15","ip":"::1"}
{"timestamp":"2025-09-06T07:32:01.233Z","level":"info","message":"HTTP Request","method":"GET","url":"/api/v1/attendance/stats","status":200,"duration":"16ms","userAgent":"Mozilla/5.0 (Macintosh; Intel Mac OS X 10_15_7) AppleWebKit/605.1.15 (KHTML, like Gecko) Version/18.6 Safari/605.1.15","ip":"::1"}
{"timestamp":"2025-09-06T07:33:01.210Z","level":"info","message":"Fetching vehicle statistics"}
{"timestamp":"2025-09-06T07:33:01.211Z","level":"info","message":"Fetching monitoring statistics"}
{"timestamp":"2025-09-06T07:33:01.215Z","level":"info","message":"HTTP Request","method":"GET","url":"/api/v1/licenses/expiring?within=60","status":200,"duration":"12ms","userAgent":"Mozilla/5.0 (Macintosh; Intel Mac OS X 10_15_7) AppleWebKit/605.1.15 (KHTML, like Gecko) Version/18.6 Safari/605.1.15","ip":"::1"}
{"timestamp":"2025-09-06T07:33:01.217Z","level":"info","message":"Monitoring statistics retrieved","stats":{"online":0,"recording":0,"alert":3,"offline":0}}
{"timestamp":"2025-09-06T07:33:01.217Z","level":"info","message":"HTTP Request","method":"GET","url":"/api/v1/monitoring/stats","status":200,"duration":"6ms","userAgent":"Mozilla/5.0 (Macintosh; Intel Mac OS X 10_15_7) AppleWebKit/605.1.15 (KHTML, like Gecko) Version/18.6 Safari/605.1.15","ip":"::1"}
{"timestamp":"2025-09-06T07:33:01.218Z","level":"info","message":"Vehicle statistics retrieved","stats":{"running":0,"idle":0,"maintenance":0,"offline":0}}
{"timestamp":"2025-09-06T07:33:01.218Z","level":"info","message":"HTTP Request","method":"GET","url":"/api/v1/vehicles/stats","status":200,"duration":"8ms","userAgent":"Mozilla/5.0 (Macintosh; Intel Mac OS X 10_15_7) AppleWebKit/605.1.15 (KHTML, like Gecko) Version/18.6 Safari/605.1.15","ip":"::1"}
{"timestamp":"2025-09-06T07:33:01.222Z","level":"info","message":"HTTP Request","method":"GET","url":"/api/v1/attendance/stats","status":200,"duration":"13ms","userAgent":"Mozilla/5.0 (Macintosh; Intel Mac OS X 10_15_7) AppleWebKit/605.1.15 (KHTML, like Gecko) Version/18.6 Safari/605.1.15","ip":"::1"}
{"timestamp":"2025-09-06T07:34:01.212Z","level":"info","message":"Fetching vehicle statistics"}
{"timestamp":"2025-09-06T07:34:01.215Z","level":"info","message":"Fetching monitoring statistics"}
{"timestamp":"2025-09-06T07:34:01.218Z","level":"info","message":"HTTP Request","method":"GET","url":"/api/v1/licenses/expiring?within=60","status":200,"duration":"13ms","userAgent":"Mozilla/5.0 (Macintosh; Intel Mac OS X 10_15_7) AppleWebKit/605.1.15 (KHTML, like Gecko) Version/18.6 Safari/605.1.15","ip":"::1"}
{"timestamp":"2025-09-06T07:34:01.220Z","level":"info","message":"Vehicle statistics retrieved","stats":{"running":0,"idle":0,"maintenance":0,"offline":0}}
{"timestamp":"2025-09-06T07:34:01.220Z","level":"info","message":"HTTP Request","method":"GET","url":"/api/v1/vehicles/stats","status":200,"duration":"8ms","userAgent":"Mozilla/5.0 (Macintosh; Intel Mac OS X 10_15_7) AppleWebKit/605.1.15 (KHTML, like Gecko) Version/18.6 Safari/605.1.15","ip":"::1"}
{"timestamp":"2025-09-06T07:34:01.222Z","level":"info","message":"Monitoring statistics retrieved","stats":{"online":0,"recording":0,"alert":3,"offline":0}}
{"timestamp":"2025-09-06T07:34:01.224Z","level":"info","message":"HTTP Request","method":"GET","url":"/api/v1/monitoring/stats","status":200,"duration":"8ms","userAgent":"Mozilla/5.0 (Macintosh; Intel Mac OS X 10_15_7) AppleWebKit/605.1.15 (KHTML, like Gecko) Version/18.6 Safari/605.1.15","ip":"::1"}
{"timestamp":"2025-09-06T07:34:01.229Z","level":"info","message":"HTTP Request","method":"GET","url":"/api/v1/attendance/stats","status":200,"duration":"15ms","userAgent":"Mozilla/5.0 (Macintosh; Intel Mac OS X 10_15_7) AppleWebKit/605.1.15 (KHTML, like Gecko) Version/18.6 Safari/605.1.15","ip":"::1"}
{"timestamp":"2025-09-06T07:35:01.207Z","level":"info","message":"Fetching vehicle statistics"}
{"timestamp":"2025-09-06T07:35:01.210Z","level":"info","message":"Fetching monitoring statistics"}
{"timestamp":"2025-09-06T07:35:01.213Z","level":"info","message":"HTTP Request","method":"GET","url":"/api/v1/licenses/expiring?within=60","status":200,"duration":"13ms","userAgent":"Mozilla/5.0 (Macintosh; Intel Mac OS X 10_15_7) AppleWebKit/605.1.15 (KHTML, like Gecko) Version/18.6 Safari/605.1.15","ip":"::1"}
{"timestamp":"2025-09-06T07:35:01.215Z","level":"info","message":"Vehicle statistics retrieved","stats":{"running":0,"idle":0,"maintenance":0,"offline":0}}
{"timestamp":"2025-09-06T07:35:01.216Z","level":"info","message":"HTTP Request","method":"GET","url":"/api/v1/vehicles/stats","status":200,"duration":"9ms","userAgent":"Mozilla/5.0 (Macintosh; Intel Mac OS X 10_15_7) AppleWebKit/605.1.15 (KHTML, like Gecko) Version/18.6 Safari/605.1.15","ip":"::1"}
{"timestamp":"2025-09-06T07:35:01.217Z","level":"info","message":"Monitoring statistics retrieved","stats":{"online":0,"recording":0,"alert":3,"offline":0}}
{"timestamp":"2025-09-06T07:35:01.218Z","level":"info","message":"HTTP Request","method":"GET","url":"/api/v1/monitoring/stats","status":200,"duration":"8ms","userAgent":"Mozilla/5.0 (Macintosh; Intel Mac OS X 10_15_7) AppleWebKit/605.1.15 (KHTML, like Gecko) Version/18.6 Safari/605.1.15","ip":"::1"}
{"timestamp":"2025-09-06T07:35:01.223Z","level":"info","message":"HTTP Request","method":"GET","url":"/api/v1/attendance/stats","status":200,"duration":"14ms","userAgent":"Mozilla/5.0 (Macintosh; Intel Mac OS X 10_15_7) AppleWebKit/605.1.15 (KHTML, like Gecko) Version/18.6 Safari/605.1.15","ip":"::1"}
{"timestamp":"2025-09-06T07:35:35.208Z","level":"info","message":"HTTP Request","method":"POST","url":"/api/v1/auth/login","status":200,"duration":"227ms","userAgent":"Mozilla/5.0 (Macintosh; Intel Mac OS X 10_15_7) AppleWebKit/605.1.15 (KHTML, like Gecko) Version/18.6 Safari/605.1.15","ip":"::1"}
{"timestamp":"2025-09-06T07:35:35.325Z","level":"info","message":"HTTP Request","method":"GET","url":"/api/v1/licenses/expiring?within=60","status":200,"duration":"4ms","userAgent":"Mozilla/5.0 (Macintosh; Intel Mac OS X 10_15_7) AppleWebKit/605.1.15 (KHTML, like Gecko) Version/18.6 Safari/605.1.15","ip":"::1"}
{"timestamp":"2025-09-06T07:35:35.326Z","level":"info","message":"Fetching vehicle statistics"}
{"timestamp":"2025-09-06T07:35:35.326Z","level":"info","message":"Fetching monitoring statistics"}
{"timestamp":"2025-09-06T07:35:35.327Z","level":"info","message":"Vehicle statistics retrieved","stats":{"running":0,"idle":0,"maintenance":0,"offline":0}}
{"timestamp":"2025-09-06T07:35:35.327Z","level":"info","message":"HTTP Request","method":"GET","url":"/api/v1/vehicles/stats","status":200,"duration":"1ms","userAgent":"Mozilla/5.0 (Macintosh; Intel Mac OS X 10_15_7) AppleWebKit/605.1.15 (KHTML, like Gecko) Version/18.6 Safari/605.1.15","ip":"::1"}
{"timestamp":"2025-09-06T07:35:35.328Z","level":"info","message":"Monitoring statistics retrieved","stats":{"online":0,"recording":0,"alert":3,"offline":0}}
{"timestamp":"2025-09-06T07:35:35.328Z","level":"info","message":"HTTP Request","method":"GET","url":"/api/v1/monitoring/stats","status":200,"duration":"2ms","userAgent":"Mozilla/5.0 (Macintosh; Intel Mac OS X 10_15_7) AppleWebKit/605.1.15 (KHTML, like Gecko) Version/18.6 Safari/605.1.15","ip":"::1"}
{"timestamp":"2025-09-06T07:35:35.331Z","level":"info","message":"HTTP Request","method":"GET","url":"/api/v1/attendance/stats","status":200,"duration":"6ms","userAgent":"Mozilla/5.0 (Macintosh; Intel Mac OS X 10_15_7) AppleWebKit/605.1.15 (KHTML, like Gecko) Version/18.6 Safari/605.1.15","ip":"::1"}
{"timestamp":"2025-09-06T07:35:40.784Z","level":"info","message":"HTTP Request","method":"GET","url":"/api/v1/attendance/stats","status":200,"duration":"5ms","userAgent":"Mozilla/5.0 (Macintosh; Intel Mac OS X 10_15_7) AppleWebKit/605.1.15 (KHTML, like Gecko) Version/18.6 Safari/605.1.15","ip":"::1"}
{"timestamp":"2025-09-06T07:35:40.785Z","level":"info","message":"HTTP Request","method":"GET","url":"/api/v1/attendance/records?page=1&limit=10&search=","status":200,"duration":"4ms","userAgent":"Mozilla/5.0 (Macintosh; Intel Mac OS X 10_15_7) AppleWebKit/605.1.15 (KHTML, like Gecko) Version/18.6 Safari/605.1.15","ip":"::1"}
{"timestamp":"2025-09-06T07:35:41.753Z","level":"info","message":"HTTP Request","method":"GET","url":"/api/v1/employees?page=1&limit=1000","status":200,"duration":"18ms","userAgent":"Mozilla/5.0 (Macintosh; Intel Mac OS X 10_15_7) AppleWebKit/605.1.15 (KHTML, like Gecko) Version/18.6 Safari/605.1.15","ip":"::1"}
{"timestamp":"2025-09-06T07:35:41.756Z","level":"info","message":"HTTP Request","method":"GET","url":"/api/v1/worksites?page=1&limit=1000","status":200,"duration":"20ms","userAgent":"Mozilla/5.0 (Macintosh; Intel Mac OS X 10_15_7) AppleWebKit/605.1.15 (KHTML, like Gecko) Version/18.6 Safari/605.1.15","ip":"::1"}
{"timestamp":"2025-09-06T07:35:41.757Z","level":"info","message":"HTTP Request","method":"GET","url":"/api/v1/checkins/records?page=1&limit=20","status":200,"duration":"21ms","userAgent":"Mozilla/5.0 (Macintosh; Intel Mac OS X 10_15_7) AppleWebKit/605.1.15 (KHTML, like Gecko) Version/18.6 Safari/605.1.15","ip":"::1"}
{"timestamp":"2025-09-06T07:35:42.642Z","level":"info","message":"HTTP Request","method":"GET","url":"/api/v1/attendance/records?page=1&limit=10&search=","status":200,"duration":"7ms","userAgent":"Mozilla/5.0 (Macintosh; Intel Mac OS X 10_15_7) AppleWebKit/605.1.15 (KHTML, like Gecko) Version/18.6 Safari/605.1.15","ip":"::1"}
{"timestamp":"2025-09-06T07:35:42.644Z","level":"info","message":"HTTP Request","method":"GET","url":"/api/v1/attendance/stats","status":200,"duration":"10ms","userAgent":"Mozilla/5.0 (Macintosh; Intel Mac OS X 10_15_7) AppleWebKit/605.1.15 (KHTML, like Gecko) Version/18.6 Safari/605.1.15","ip":"::1"}
{"timestamp":"2025-09-06T07:35:43.466Z","level":"info","message":"HTTP Request","method":"GET","url":"/api/v1/checkins/records?page=1&limit=20","status":200,"duration":"17ms","userAgent":"Mozilla/5.0 (Macintosh; Intel Mac OS X 10_15_7) AppleWebKit/605.1.15 (KHTML, like Gecko) Version/18.6 Safari/605.1.15","ip":"::1"}
{"timestamp":"2025-09-06T07:35:43.470Z","level":"info","message":"HTTP Request","method":"GET","url":"/api/v1/worksites?page=1&limit=1000","status":200,"duration":"22ms","userAgent":"Mozilla/5.0 (Macintosh; Intel Mac OS X 10_15_7) AppleWebKit/605.1.15 (KHTML, like Gecko) Version/18.6 Safari/605.1.15","ip":"::1"}
{"timestamp":"2025-09-06T07:35:43.473Z","level":"info","message":"HTTP Request","method":"GET","url":"/api/v1/employees?page=1&limit=1000","status":200,"duration":"27ms","userAgent":"Mozilla/5.0 (Macintosh; Intel Mac OS X 10_15_7) AppleWebKit/605.1.15 (KHTML, like Gecko) Version/18.6 Safari/605.1.15","ip":"::1"}
{"timestamp":"2025-09-06T07:35:44.320Z","level":"info","message":"HTTP Request","method":"GET","url":"/api/v1/attendance/records?page=1&limit=10&search=","status":200,"duration":"7ms","userAgent":"Mozilla/5.0 (Macintosh; Intel Mac OS X 10_15_7) AppleWebKit/605.1.15 (KHTML, like Gecko) Version/18.6 Safari/605.1.15","ip":"::1"}
{"timestamp":"2025-09-06T07:35:44.322Z","level":"info","message":"HTTP Request","method":"GET","url":"/api/v1/attendance/stats","status":200,"duration":"10ms","userAgent":"Mozilla/5.0 (Macintosh; Intel Mac OS X 10_15_7) AppleWebKit/605.1.15 (KHTML, like Gecko) Version/18.6 Safari/605.1.15","ip":"::1"}
{"timestamp":"2025-09-06T07:35:52.045Z","level":"info","message":"HTTP Request","method":"GET","url":"/api/v1/worksites?page=1&limit=1000","status":200,"duration":"21ms","userAgent":"Mozilla/5.0 (Macintosh; Intel Mac OS X 10_15_7) AppleWebKit/605.1.15 (KHTML, like Gecko) Version/18.6 Safari/605.1.15","ip":"::1"}
{"timestamp":"2025-09-06T07:35:52.046Z","level":"info","message":"HTTP Request","method":"GET","url":"/api/v1/employees?page=1&limit=1000","status":200,"duration":"20ms","userAgent":"Mozilla/5.0 (Macintosh; Intel Mac OS X 10_15_7) AppleWebKit/605.1.15 (KHTML, like Gecko) Version/18.6 Safari/605.1.15","ip":"::1"}
{"timestamp":"2025-09-06T07:35:52.053Z","level":"info","message":"HTTP Request","method":"GET","url":"/api/v1/checkins/records?page=1&limit=20","status":200,"duration":"25ms","userAgent":"Mozilla/5.0 (Macintosh; Intel Mac OS X 10_15_7) AppleWebKit/605.1.15 (KHTML, like Gecko) Version/18.6 Safari/605.1.15","ip":"::1"}
{"timestamp":"2025-09-06T07:35:54.867Z","level":"info","message":"HTTP Request","method":"GET","url":"/api/v1/departments?include_inactive=false","status":200,"duration":"3ms","userAgent":"Mozilla/5.0 (Macintosh; Intel Mac OS X 10_15_7) AppleWebKit/605.1.15 (KHTML, like Gecko) Version/18.6 Safari/605.1.15","ip":"::1"}
{"timestamp":"2025-09-06T07:35:55.543Z","level":"info","message":"HTTP Request","method":"GET","url":"/api/v1/employees?page=1&limit=10&search=&status=&department=&worksite_id=","status":200,"duration":"10ms","userAgent":"Mozilla/5.0 (Macintosh; Intel Mac OS X 10_15_7) AppleWebKit/605.1.15 (KHTML, like Gecko) Version/18.6 Safari/605.1.15","ip":"::1"}
{"timestamp":"2025-09-06T07:35:55.545Z","level":"info","message":"HTTP Request","method":"GET","url":"/api/v1/worksites","status":200,"duration":"11ms","userAgent":"Mozilla/5.0 (Macintosh; Intel Mac OS X 10_15_7) AppleWebKit/605.1.15 (KHTML, like Gecko) Version/18.6 Safari/605.1.15","ip":"::1"}
{"timestamp":"2025-09-06T07:35:56.210Z","level":"info","message":"HTTP Request","method":"GET","url":"/api/v1/worksites?page=1&limit=10&search=&status=","status":200,"duration":"4ms","userAgent":"Mozilla/5.0 (Macintosh; Intel Mac OS X 10_15_7) AppleWebKit/605.1.15 (KHTML, like Gecko) Version/18.6 Safari/605.1.15","ip":"::1"}
{"timestamp":"2025-09-06T07:35:56.676Z","level":"info","message":"HTTP Request","method":"GET","url":"/api/v1/worksites","status":200,"duration":"6ms","userAgent":"Mozilla/5.0 (Macintosh; Intel Mac OS X 10_15_7) AppleWebKit/605.1.15 (KHTML, like Gecko) Version/18.6 Safari/605.1.15","ip":"::1"}
{"timestamp":"2025-09-06T07:35:56.680Z","level":"info","message":"HTTP Request","method":"GET","url":"/api/v1/qrcode?page=1&limit=10&worksite_id=","status":200,"duration":"7ms","userAgent":"Mozilla/5.0 (Macintosh; Intel Mac OS X 10_15_7) AppleWebKit/605.1.15 (KHTML, like Gecko) Version/18.6 Safari/605.1.15","ip":"::1"}
{"timestamp":"2025-09-06T07:35:56.683Z","level":"info","message":"HTTP Request","method":"GET","url":"/api/v1/qrcode/stats","status":200,"duration":"10ms","userAgent":"Mozilla/5.0 (Macintosh; Intel Mac OS X 10_15_7) AppleWebKit/605.1.15 (KHTML, like Gecko) Version/18.6 Safari/605.1.15","ip":"::1"}
{"timestamp":"2025-09-06T07:35:57.307Z","level":"info","message":"HTTP Request","method":"GET","url":"/api/v1/licenses/ocr/pending?page=1&limit=10","status":200,"duration":"2ms","userAgent":"Mozilla/5.0 (Macintosh; Intel Mac OS X 10_15_7) AppleWebKit/605.1.15 (KHTML, like Gecko) Version/18.6 Safari/605.1.15","ip":"::1"}
{"timestamp":"2025-09-06T07:35:57.313Z","level":"info","message":"HTTP Request","method":"GET","url":"/api/v1/licenses/ocr/pending?page=1&limit=10","status":200,"duration":"2ms","userAgent":"Mozilla/5.0 (Macintosh; Intel Mac OS X 10_15_7) AppleWebKit/605.1.15 (KHTML, like Gecko) Version/18.6 Safari/605.1.15","ip":"::1"}
{"timestamp":"2025-09-06T07:35:57.969Z","level":"info","message":"HTTP Request","method":"GET","url":"/api/v1/licenses/types","status":200,"duration":"7ms","userAgent":"Mozilla/5.0 (Macintosh; Intel Mac OS X 10_15_7) AppleWebKit/605.1.15 (KHTML, like Gecko) Version/18.6 Safari/605.1.15","ip":"::1"}
{"timestamp":"2025-09-06T07:35:57.974Z","level":"info","message":"HTTP Request","method":"GET","url":"/api/v1/employees?page=1&limit=500","status":200,"duration":"10ms","userAgent":"Mozilla/5.0 (Macintosh; Intel Mac OS X 10_15_7) AppleWebKit/605.1.15 (KHTML, like Gecko) Version/18.6 Safari/605.1.15","ip":"::1"}
{"timestamp":"2025-09-06T07:35:57.975Z","level":"info","message":"HTTP Request","method":"GET","url":"/api/v1/licenses/expiring?within=60&limit=50&sortBy=expiry_date&sortOrder=ASC","status":200,"duration":"12ms","userAgent":"Mozilla/5.0 (Macintosh; Intel Mac OS X 10_15_7) AppleWebKit/605.1.15 (KHTML, like Gecko) Version/18.6 Safari/605.1.15","ip":"::1"}
{"timestamp":"2025-09-06T07:35:59.176Z","level":"info","message":"HTTP Request","method":"GET","url":"/api/v1/licenses/ocr/pending?page=1&limit=10","status":200,"duration":"3ms","userAgent":"Mozilla/5.0 (Macintosh; Intel Mac OS X 10_15_7) AppleWebKit/605.1.15 (KHTML, like Gecko) Version/18.6 Safari/605.1.15","ip":"::1"}
{"timestamp":"2025-09-06T07:35:59.183Z","level":"info","message":"HTTP Request","method":"GET","url":"/api/v1/licenses/ocr/pending?page=1&limit=10","status":200,"duration":"3ms","userAgent":"Mozilla/5.0 (Macintosh; Intel Mac OS X 10_15_7) AppleWebKit/605.1.15 (KHTML, like Gecko) Version/18.6 Safari/605.1.15","ip":"::1"}
{"timestamp":"2025-09-06T07:35:59.702Z","level":"info","message":"HTTP Request","method":"GET","url":"/api/v1/licenses/types","status":200,"duration":"4ms","userAgent":"Mozilla/5.0 (Macintosh; Intel Mac OS X 10_15_7) AppleWebKit/605.1.15 (KHTML, like Gecko) Version/18.6 Safari/605.1.15","ip":"::1"}
{"timestamp":"2025-09-06T07:35:59.704Z","level":"info","message":"HTTP Request","method":"GET","url":"/api/v1/licenses/expiring?within=30&includeExpired=true&search=&status=&page=1&limit=20&sortBy=expiry_date&sortOrder=ASC","status":200,"duration":"4ms","userAgent":"Mozilla/5.0 (Macintosh; Intel Mac OS X 10_15_7) AppleWebKit/605.1.15 (KHTML, like Gecko) Version/18.6 Safari/605.1.15","ip":"::1"}
{"timestamp":"2025-09-06T07:36:09.786Z","level":"info","message":"HTTP Request","method":"GET","url":"/api/v1/licenses/types","status":200,"duration":"8ms","userAgent":"Mozilla/5.0 (Macintosh; Intel Mac OS X 10_15_7) AppleWebKit/605.1.15 (KHTML, like Gecko) Version/18.6 Safari/605.1.15","ip":"::1"}
{"timestamp":"2025-09-06T07:36:09.788Z","level":"info","message":"HTTP Request","method":"GET","url":"/api/v1/licenses/expiring?within=60&limit=50&sortBy=expiry_date&sortOrder=ASC","status":200,"duration":"9ms","userAgent":"Mozilla/5.0 (Macintosh; Intel Mac OS X 10_15_7) AppleWebKit/605.1.15 (KHTML, like Gecko) Version/18.6 Safari/605.1.15","ip":"::1"}
{"timestamp":"2025-09-06T07:36:09.796Z","level":"info","message":"HTTP Request","method":"GET","url":"/api/v1/employees?page=1&limit=500","status":200,"duration":"16ms","userAgent":"Mozilla/5.0 (Macintosh; Intel Mac OS X 10_15_7) AppleWebKit/605.1.15 (KHTML, like Gecko) Version/18.6 Safari/605.1.15","ip":"::1"}
{"timestamp":"2025-09-06T07:36:11.950Z","level":"info","message":"HTTP Request","method":"GET","url":"/api/v1/worksites","status":200,"duration":"12ms","userAgent":"Mozilla/5.0 (Macintosh; Intel Mac OS X 10_15_7) AppleWebKit/605.1.15 (KHTML, like Gecko) Version/18.6 Safari/605.1.15","ip":"::1"}
{"timestamp":"2025-09-06T07:36:11.952Z","level":"info","message":"HTTP Request","method":"GET","url":"/api/v1/qrcode?page=1&limit=10&worksite_id=","status":200,"duration":"13ms","userAgent":"Mozilla/5.0 (Macintosh; Intel Mac OS X 10_15_7) AppleWebKit/605.1.15 (KHTML, like Gecko) Version/18.6 Safari/605.1.15","ip":"::1"}
{"timestamp":"2025-09-06T07:36:11.955Z","level":"info","message":"HTTP Request","method":"GET","url":"/api/v1/qrcode/stats","status":200,"duration":"19ms","userAgent":"Mozilla/5.0 (Macintosh; Intel Mac OS X 10_15_7) AppleWebKit/605.1.15 (KHTML, like Gecko) Version/18.6 Safari/605.1.15","ip":"::1"}
{"timestamp":"2025-09-06T07:36:15.470Z","level":"info","message":"HTTP Request","method":"GET","url":"/api/v1/worksites?page=1&limit=10&search=&status=","status":200,"duration":"7ms","userAgent":"Mozilla/5.0 (Macintosh; Intel Mac OS X 10_15_7) AppleWebKit/605.1.15 (KHTML, like Gecko) Version/18.6 Safari/605.1.15","ip":"::1"}
{"timestamp":"2025-09-06T07:36:17.747Z","level":"info","message":"HTTP Request","method":"GET","url":"/api/v1/employees?page=1&limit=10&search=&status=&department=&worksite_id=","status":200,"duration":"20ms","userAgent":"Mozilla/5.0 (Macintosh; Intel Mac OS X 10_15_7) AppleWebKit/605.1.15 (KHTML, like Gecko) Version/18.6 Safari/605.1.15","ip":"::1"}
{"timestamp":"2025-09-06T07:36:17.749Z","level":"info","message":"HTTP Request","method":"GET","url":"/api/v1/worksites","status":200,"duration":"20ms","userAgent":"Mozilla/5.0 (Macintosh; Intel Mac OS X 10_15_7) AppleWebKit/605.1.15 (KHTML, like Gecko) Version/18.6 Safari/605.1.15","ip":"::1"}
{"timestamp":"2025-09-06T07:36:20.049Z","level":"info","message":"HTTP Request","method":"GET","url":"/api/v1/worksites?page=1&limit=1000","status":200,"duration":"11ms","userAgent":"Mozilla/5.0 (Macintosh; Intel Mac OS X 10_15_7) AppleWebKit/605.1.15 (KHTML, like Gecko) Version/18.6 Safari/605.1.15","ip":"::1"}
{"timestamp":"2025-09-06T07:36:20.062Z","level":"info","message":"HTTP Request","method":"GET","url":"/api/v1/employees?page=1&limit=1000","status":200,"duration":"26ms","userAgent":"Mozilla/5.0 (Macintosh; Intel Mac OS X 10_15_7) AppleWebKit/605.1.15 (KHTML, like Gecko) Version/18.6 Safari/605.1.15","ip":"::1"}
{"timestamp":"2025-09-06T07:36:20.063Z","level":"info","message":"HTTP Request","method":"GET","url":"/api/v1/checkins/records?page=1&limit=20","status":200,"duration":"29ms","userAgent":"Mozilla/5.0 (Macintosh; Intel Mac OS X 10_15_7) AppleWebKit/605.1.15 (KHTML, like Gecko) Version/18.6 Safari/605.1.15","ip":"::1"}
{"timestamp":"2025-09-06T07:36:20.692Z","level":"info","message":"HTTP Request","method":"GET","url":"/api/v1/attendance/records?page=1&limit=10&search=","status":200,"duration":"7ms","userAgent":"Mozilla/5.0 (Macintosh; Intel Mac OS X 10_15_7) AppleWebKit/605.1.15 (KHTML, like Gecko) Version/18.6 Safari/605.1.15","ip":"::1"}
{"timestamp":"2025-09-06T07:36:20.694Z","level":"info","message":"HTTP Request","method":"GET","url":"/api/v1/attendance/stats","status":200,"duration":"11ms","userAgent":"Mozilla/5.0 (Macintosh; Intel Mac OS X 10_15_7) AppleWebKit/605.1.15 (KHTML, like Gecko) Version/18.6 Safari/605.1.15","ip":"::1"}
{"timestamp":"2025-09-06T07:36:21.808Z","level":"info","message":"Fetching vehicle statistics"}
{"timestamp":"2025-09-06T07:36:21.809Z","level":"info","message":"Fetching monitoring statistics"}
{"timestamp":"2025-09-06T07:36:21.814Z","level":"info","message":"Vehicle statistics retrieved","stats":{"running":0,"idle":0,"maintenance":0,"offline":0}}
{"timestamp":"2025-09-06T07:36:21.815Z","level":"info","message":"HTTP Request","method":"GET","url":"/api/v1/vehicles/stats","status":200,"duration":"7ms","userAgent":"Mozilla/5.0 (Macintosh; Intel Mac OS X 10_15_7) AppleWebKit/605.1.15 (KHTML, like Gecko) Version/18.6 Safari/605.1.15","ip":"::1"}
{"timestamp":"2025-09-06T07:36:21.815Z","level":"info","message":"Monitoring statistics retrieved","stats":{"online":0,"recording":0,"alert":3,"offline":0}}
{"timestamp":"2025-09-06T07:36:21.816Z","level":"info","message":"HTTP Request","method":"GET","url":"/api/v1/monitoring/stats","status":200,"duration":"7ms","userAgent":"Mozilla/5.0 (Macintosh; Intel Mac OS X 10_15_7) AppleWebKit/605.1.15 (KHTML, like Gecko) Version/18.6 Safari/605.1.15","ip":"::1"}
{"timestamp":"2025-09-06T07:36:21.819Z","level":"info","message":"HTTP Request","method":"GET","url":"/api/v1/licenses/expiring?within=60","status":200,"duration":"14ms","userAgent":"Mozilla/5.0 (Macintosh; Intel Mac OS X 10_15_7) AppleWebKit/605.1.15 (KHTML, like Gecko) Version/18.6 Safari/605.1.15","ip":"::1"}
{"timestamp":"2025-09-06T07:36:21.834Z","level":"info","message":"HTTP Request","method":"GET","url":"/api/v1/attendance/stats","status":200,"duration":"27ms","userAgent":"Mozilla/5.0 (Macintosh; Intel Mac OS X 10_15_7) AppleWebKit/605.1.15 (KHTML, like Gecko) Version/18.6 Safari/605.1.15","ip":"::1"}
{"timestamp":"2025-09-06T07:36:22.570Z","level":"info","message":"HTTP Request","method":"GET","url":"/api/v1/attendance/records?page=1&limit=10&search=","status":200,"duration":"8ms","userAgent":"Mozilla/5.0 (Macintosh; Intel Mac OS X 10_15_7) AppleWebKit/605.1.15 (KHTML, like Gecko) Version/18.6 Safari/605.1.15","ip":"::1"}
{"timestamp":"2025-09-06T07:36:22.572Z","level":"info","message":"HTTP Request","method":"GET","url":"/api/v1/attendance/stats","status":200,"duration":"11ms","userAgent":"Mozilla/5.0 (Macintosh; Intel Mac OS X 10_15_7) AppleWebKit/605.1.15 (KHTML, like Gecko) Version/18.6 Safari/605.1.15","ip":"::1"}
{"timestamp":"2025-09-06T07:36:35.330Z","level":"info","message":"HTTP Request","method":"GET","url":"/api/v1/licenses/expiring?within=60","status":200,"duration":"7ms","userAgent":"Mozilla/5.0 (Macintosh; Intel Mac OS X 10_15_7) AppleWebKit/605.1.15 (KHTML, like Gecko) Version/18.6 Safari/605.1.15","ip":"::1"}
{"timestamp":"2025-09-06T07:36:44.589Z","level":"info","message":"HTTP Request","method":"GET","url":"/api/v1/departments?include_inactive=false","status":200,"duration":"4ms","userAgent":"Mozilla/5.0 (Macintosh; Intel Mac OS X 10_15_7) AppleWebKit/605.1.15 (KHTML, like Gecko) Version/18.6 Safari/605.1.15","ip":"::1"}
{"timestamp":"2025-09-06T07:36:46.270Z","level":"info","message":"HTTP Request","method":"GET","url":"/api/v1/worksites?page=1&limit=10&search=&status=","status":200,"duration":"8ms","userAgent":"Mozilla/5.0 (Macintosh; Intel Mac OS X 10_15_7) AppleWebKit/605.1.15 (KHTML, like Gecko) Version/18.6 Safari/605.1.15","ip":"::1"}
{"timestamp":"2025-09-06T07:36:47.468Z","level":"info","message":"HTTP Request","method":"GET","url":"/api/v1/worksites","status":200,"duration":"12ms","userAgent":"Mozilla/5.0 (Macintosh; Intel Mac OS X 10_15_7) AppleWebKit/605.1.15 (KHTML, like Gecko) Version/18.6 Safari/605.1.15","ip":"::1"}
{"timestamp":"2025-09-06T07:36:47.471Z","level":"info","message":"HTTP Request","method":"GET","url":"/api/v1/qrcode?page=1&limit=10&worksite_id=","status":200,"duration":"12ms","userAgent":"Mozilla/5.0 (Macintosh; Intel Mac OS X 10_15_7) AppleWebKit/605.1.15 (KHTML, like Gecko) Version/18.6 Safari/605.1.15","ip":"::1"}
{"timestamp":"2025-09-06T07:36:47.474Z","level":"info","message":"HTTP Request","method":"GET","url":"/api/v1/qrcode/stats","status":200,"duration":"17ms","userAgent":"Mozilla/5.0 (Macintosh; Intel Mac OS X 10_15_7) AppleWebKit/605.1.15 (KHTML, like Gecko) Version/18.6 Safari/605.1.15","ip":"::1"}
{"timestamp":"2025-09-06T07:36:54.291Z","level":"info","message":"HTTP Request","method":"GET","url":"/api/v1/qrcode/scan/9824338dfd80419f8bcc86152496d1fe826c6640543f74491abd0187f70c14f2","status":200,"duration":"7ms","userAgent":"Mozilla/5.0 (Macintosh; Intel Mac OS X 10_15_7) AppleWebKit/605.1.15 (KHTML, like Gecko) Version/18.6 Safari/605.1.15","ip":"::1"}
{"timestamp":"2025-09-06T07:36:54.558Z","level":"info","message":"HTTP Request","method":"GET","url":"/api/v1/qrcode/scan/9824338dfd80419f8bcc86152496d1fe826c6640543f74491abd0187f70c14f2","status":200,"duration":"4ms","userAgent":"Mozilla/5.0 (Macintosh; Intel Mac OS X 10_15_7) AppleWebKit/605.1.15 (KHTML, like Gecko) Version/18.6 Safari/605.1.15","ip":"::1"}
{"timestamp":"2025-09-06T07:37:05.416Z","level":"info","message":"Fetching vehicle statistics"}
{"timestamp":"2025-09-06T07:37:05.417Z","level":"info","message":"Fetching monitoring statistics"}
{"timestamp":"2025-09-06T07:37:05.419Z","level":"info","message":"Vehicle statistics retrieved","stats":{"running":0,"idle":0,"maintenance":0,"offline":0}}
{"timestamp":"2025-09-06T07:37:05.420Z","level":"info","message":"HTTP Request","method":"GET","url":"/api/v1/vehicles/stats","status":200,"duration":"4ms","userAgent":"Mozilla/5.0 (Macintosh; Intel Mac OS X 10_15_7) AppleWebKit/605.1.15 (KHTML, like Gecko) Version/18.6 Safari/605.1.15","ip":"::1"}
{"timestamp":"2025-09-06T07:37:05.421Z","level":"info","message":"Monitoring statistics retrieved","stats":{"online":0,"recording":0,"alert":3,"offline":0}}
{"timestamp":"2025-09-06T07:37:05.422Z","level":"info","message":"HTTP Request","method":"GET","url":"/api/v1/monitoring/stats","status":200,"duration":"5ms","userAgent":"Mozilla/5.0 (Macintosh; Intel Mac OS X 10_15_7) AppleWebKit/605.1.15 (KHTML, like Gecko) Version/18.6 Safari/605.1.15","ip":"::1"}
{"timestamp":"2025-09-06T07:37:05.425Z","level":"info","message":"HTTP Request","method":"GET","url":"/api/v1/attendance/stats","status":200,"duration":"11ms","userAgent":"Mozilla/5.0 (Macintosh; Intel Mac OS X 10_15_7) AppleWebKit/605.1.15 (KHTML, like Gecko) Version/18.6 Safari/605.1.15","ip":"::1"}
{"timestamp":"2025-09-06T07:37:15.934Z","level":"info","message":"HTTP Request","method":"GET","url":"/api/v1/qrcode/scan/7d7c0dff9b20d506503c920c84b2d5ce0874b42ebfa9dd900f5aadcfb0c7313c","status":200,"duration":"6ms","userAgent":"Mozilla/5.0 (Macintosh; Intel Mac OS X 10_15_7) AppleWebKit/605.1.15 (KHTML, like Gecko) Version/18.6 Safari/605.1.15","ip":"::1"}
{"timestamp":"2025-09-06T07:37:16.616Z","level":"info","message":"HTTP Request","method":"GET","url":"/api/v1/qrcode/scan/7d7c0dff9b20d506503c920c84b2d5ce0874b42ebfa9dd900f5aadcfb0c7313c","status":200,"duration":"4ms","userAgent":"Mozilla/5.0 (Macintosh; Intel Mac OS X 10_15_7) AppleWebKit/605.1.15 (KHTML, like Gecko) Version/18.6 Safari/605.1.15","ip":"::1"}
{"timestamp":"2025-09-06T07:37:21.897Z","level":"info","message":"HTTP Request","method":"GET","url":"/api/v1/licenses/expiring?within=60","status":200,"duration":"7ms","userAgent":"Mozilla/5.0 (Macintosh; Intel Mac OS X 10_15_7) AppleWebKit/605.1.15 (KHTML, like Gecko) Version/18.6 Safari/605.1.15","ip":"::1"}
{"timestamp":"2025-09-06T07:37:35.417Z","level":"info","message":"HTTP Request","method":"GET","url":"/api/v1/licenses/expiring?within=60","status":200,"duration":"7ms","userAgent":"Mozilla/5.0 (Macintosh; Intel Mac OS X 10_15_7) AppleWebKit/605.1.15 (KHTML, like Gecko) Version/18.6 Safari/605.1.15","ip":"::1"}
{"timestamp":"2025-09-06T07:37:35.486Z","level":"info","message":"Fetching vehicle statistics"}
{"timestamp":"2025-09-06T07:37:35.487Z","level":"info","message":"Fetching monitoring statistics"}
{"timestamp":"2025-09-06T07:37:35.489Z","level":"info","message":"Vehicle statistics retrieved","stats":{"running":0,"idle":0,"maintenance":0,"offline":0}}
{"timestamp":"2025-09-06T07:37:35.490Z","level":"info","message":"HTTP Request","method":"GET","url":"/api/v1/vehicles/stats","status":200,"duration":"4ms","userAgent":"Mozilla/5.0 (Macintosh; Intel Mac OS X 10_15_7) AppleWebKit/605.1.15 (KHTML, like Gecko) Version/18.6 Safari/605.1.15","ip":"::1"}
{"timestamp":"2025-09-06T07:37:35.491Z","level":"info","message":"Monitoring statistics retrieved","stats":{"online":0,"recording":0,"alert":3,"offline":0}}
{"timestamp":"2025-09-06T07:37:35.491Z","level":"info","message":"HTTP Request","method":"GET","url":"/api/v1/monitoring/stats","status":200,"duration":"4ms","userAgent":"Mozilla/5.0 (Macintosh; Intel Mac OS X 10_15_7) AppleWebKit/605.1.15 (KHTML, like Gecko) Version/18.6 Safari/605.1.15","ip":"::1"}
{"timestamp":"2025-09-06T07:37:35.494Z","level":"info","message":"HTTP Request","method":"GET","url":"/api/v1/attendance/stats","status":200,"duration":"11ms","userAgent":"Mozilla/5.0 (Macintosh; Intel Mac OS X 10_15_7) AppleWebKit/605.1.15 (KHTML, like Gecko) Version/18.6 Safari/605.1.15","ip":"::1"}
{"timestamp":"2025-09-06T07:38:05.573Z","level":"info","message":"Fetching monitoring statistics"}
{"timestamp":"2025-09-06T07:38:05.574Z","level":"info","message":"Fetching vehicle statistics"}
{"timestamp":"2025-09-06T07:38:05.577Z","level":"info","message":"Monitoring statistics retrieved","stats":{"online":0,"recording":0,"alert":3,"offline":0}}
{"timestamp":"2025-09-06T07:38:05.579Z","level":"info","message":"HTTP Request","method":"GET","url":"/api/v1/monitoring/stats","status":200,"duration":"6ms","userAgent":"Mozilla/5.0 (Macintosh; Intel Mac OS X 10_15_7) AppleWebKit/605.1.15 (KHTML, like Gecko) Version/18.6 Safari/605.1.15","ip":"::1"}
{"timestamp":"2025-09-06T07:38:05.580Z","level":"info","message":"Vehicle statistics retrieved","stats":{"running":0,"idle":0,"maintenance":0,"offline":0}}
{"timestamp":"2025-09-06T07:38:05.581Z","level":"info","message":"HTTP Request","method":"GET","url":"/api/v1/vehicles/stats","status":200,"duration":"7ms","userAgent":"Mozilla/5.0 (Macintosh; Intel Mac OS X 10_15_7) AppleWebKit/605.1.15 (KHTML, like Gecko) Version/18.6 Safari/605.1.15","ip":"::1"}
{"timestamp":"2025-09-06T07:38:05.585Z","level":"info","message":"HTTP Request","method":"GET","url":"/api/v1/attendance/stats","status":200,"duration":"14ms","userAgent":"Mozilla/5.0 (Macintosh; Intel Mac OS X 10_15_7) AppleWebKit/605.1.15 (KHTML, like Gecko) Version/18.6 Safari/605.1.15","ip":"::1"}
{"timestamp":"2025-09-06T07:38:10.552Z","level":"info","message":"HTTP Request","method":"GET","url":"/api/v1/employees?page=1&limit=10&search=&status=&department=&worksite_id=","status":200,"duration":"18ms","userAgent":"Mozilla/5.0 (Macintosh; Intel Mac OS X 10_15_7) AppleWebKit/605.1.15 (KHTML, like Gecko) Version/18.6 Safari/605.1.15","ip":"::1"}
{"timestamp":"2025-09-06T07:38:10.554Z","level":"info","message":"HTTP Request","method":"GET","url":"/api/v1/worksites","status":200,"duration":"18ms","userAgent":"Mozilla/5.0 (Macintosh; Intel Mac OS X 10_15_7) AppleWebKit/605.1.15 (KHTML, like Gecko) Version/18.6 Safari/605.1.15","ip":"::1"}
{"timestamp":"2025-09-06T07:38:21.582Z","level":"info","message":"HTTP Request","method":"POST","url":"/api/v1/qrcode/checkin/7d7c0dff9b20d506503c920c84b2d5ce0874b42ebfa9dd900f5aadcfb0c7313c","status":200,"duration":"16ms","userAgent":"Mozilla/5.0 (Macintosh; Intel Mac OS X 10_15_7) AppleWebKit/605.1.15 (KHTML, like Gecko) Version/18.6 Safari/605.1.15","ip":"::1"}
{"timestamp":"2025-09-06T07:38:21.993Z","level":"info","message":"HTTP Request","method":"GET","url":"/api/v1/licenses/expiring?within=60","status":200,"duration":"8ms","userAgent":"Mozilla/5.0 (Macintosh; Intel Mac OS X 10_15_7) AppleWebKit/605.1.15 (KHTML, like Gecko) Version/18.6 Safari/605.1.15","ip":"::1"}
{"timestamp":"2025-09-06T07:38:30.759Z","level":"info","message":"HTTP Request","method":"GET","url":"/api/v1/attendance/records?page=1&limit=10&search=","status":200,"duration":"7ms","userAgent":"Mozilla/5.0 (Macintosh; Intel Mac OS X 10_15_7) AppleWebKit/605.1.15 (KHTML, like Gecko) Version/18.6 Safari/605.1.15","ip":"::1"}
{"timestamp":"2025-09-06T07:38:30.762Z","level":"info","message":"HTTP Request","method":"GET","url":"/api/v1/attendance/stats","status":200,"duration":"11ms","userAgent":"Mozilla/5.0 (Macintosh; Intel Mac OS X 10_15_7) AppleWebKit/605.1.15 (KHTML, like Gecko) Version/18.6 Safari/605.1.15","ip":"::1"}
{"timestamp":"2025-09-06T07:38:35.414Z","level":"info","message":"HTTP Request","method":"GET","url":"/api/v1/licenses/expiring?within=60","status":200,"duration":"7ms","userAgent":"Mozilla/5.0 (Macintosh; Intel Mac OS X 10_15_7) AppleWebKit/605.1.15 (KHTML, like Gecko) Version/18.6 Safari/605.1.15","ip":"::1"}
{"timestamp":"2025-09-06T07:38:51.990Z","level":"info","message":"Fetching vehicle statistics"}
{"timestamp":"2025-09-06T07:38:51.993Z","level":"info","message":"Fetching monitoring statistics"}
{"timestamp":"2025-09-06T07:38:51.995Z","level":"info","message":"Vehicle statistics retrieved","stats":{"running":0,"idle":0,"maintenance":0,"offline":0}}
{"timestamp":"2025-09-06T07:38:51.996Z","level":"info","message":"HTTP Request","method":"GET","url":"/api/v1/vehicles/stats","status":200,"duration":"6ms","userAgent":"Mozilla/5.0 (Macintosh; Intel Mac OS X 10_15_7) AppleWebKit/605.1.15 (KHTML, like Gecko) Version/18.6 Safari/605.1.15","ip":"::1"}
{"timestamp":"2025-09-06T07:38:51.998Z","level":"info","message":"Monitoring statistics retrieved","stats":{"online":0,"recording":0,"alert":3,"offline":0}}
{"timestamp":"2025-09-06T07:38:51.999Z","level":"info","message":"HTTP Request","method":"GET","url":"/api/v1/monitoring/stats","status":200,"duration":"6ms","userAgent":"Mozilla/5.0 (Macintosh; Intel Mac OS X 10_15_7) AppleWebKit/605.1.15 (KHTML, like Gecko) Version/18.6 Safari/605.1.15","ip":"::1"}
{"timestamp":"2025-09-06T07:38:52.003Z","level":"info","message":"HTTP Request","method":"GET","url":"/api/v1/attendance/stats","status":200,"duration":"11ms","userAgent":"Mozilla/5.0 (Macintosh; Intel Mac OS X 10_15_7) AppleWebKit/605.1.15 (KHTML, like Gecko) Version/18.6 Safari/605.1.15","ip":"::1"}
{"timestamp":"2025-09-06T07:39:21.999Z","level":"info","message":"HTTP Request","method":"GET","url":"/api/v1/licenses/expiring?within=60","status":200,"duration":"8ms","userAgent":"Mozilla/5.0 (Macintosh; Intel Mac OS X 10_15_7) AppleWebKit/605.1.15 (KHTML, like Gecko) Version/18.6 Safari/605.1.15","ip":"::1"}
{"timestamp":"2025-09-06T07:39:35.413Z","level":"info","message":"HTTP Request","method":"GET","url":"/api/v1/licenses/expiring?within=60","status":200,"duration":"6ms","userAgent":"Mozilla/5.0 (Macintosh; Intel Mac OS X 10_15_7) AppleWebKit/605.1.15 (KHTML, like Gecko) Version/18.6 Safari/605.1.15","ip":"::1"}
{"timestamp":"2025-09-06T07:39:35.573Z","level":"info","message":"Fetching vehicle statistics"}
{"timestamp":"2025-09-06T07:39:35.575Z","level":"info","message":"Fetching monitoring statistics"}
{"timestamp":"2025-09-06T07:39:35.577Z","level":"info","message":"Vehicle statistics retrieved","stats":{"running":0,"idle":0,"maintenance":0,"offline":0}}
{"timestamp":"2025-09-06T07:39:35.578Z","level":"info","message":"HTTP Request","method":"GET","url":"/api/v1/vehicles/stats","status":200,"duration":"5ms","userAgent":"Mozilla/5.0 (Macintosh; Intel Mac OS X 10_15_7) AppleWebKit/605.1.15 (KHTML, like Gecko) Version/18.6 Safari/605.1.15","ip":"::1"}
{"timestamp":"2025-09-06T07:39:35.579Z","level":"info","message":"Monitoring statistics retrieved","stats":{"online":0,"recording":0,"alert":3,"offline":0}}
{"timestamp":"2025-09-06T07:39:35.580Z","level":"info","message":"HTTP Request","method":"GET","url":"/api/v1/monitoring/stats","status":200,"duration":"5ms","userAgent":"Mozilla/5.0 (Macintosh; Intel Mac OS X 10_15_7) AppleWebKit/605.1.15 (KHTML, like Gecko) Version/18.6 Safari/605.1.15","ip":"::1"}
{"timestamp":"2025-09-06T07:39:35.583Z","level":"info","message":"HTTP Request","method":"GET","url":"/api/v1/attendance/stats","status":200,"duration":"11ms","userAgent":"Mozilla/5.0 (Macintosh; Intel Mac OS X 10_15_7) AppleWebKit/605.1.15 (KHTML, like Gecko) Version/18.6 Safari/605.1.15","ip":"::1"}
{"timestamp":"2025-09-06T07:40:21.993Z","level":"info","message":"Fetching monitoring statistics"}
{"timestamp":"2025-09-06T07:40:21.994Z","level":"info","message":"Fetching vehicle statistics"}
{"timestamp":"2025-09-06T07:40:21.999Z","level":"info","message":"Monitoring statistics retrieved","stats":{"online":0,"recording":0,"alert":3,"offline":0}}
{"timestamp":"2025-09-06T07:40:22.001Z","level":"info","message":"HTTP Request","method":"GET","url":"/api/v1/monitoring/stats","status":200,"duration":"8ms","userAgent":"Mozilla/5.0 (Macintosh; Intel Mac OS X 10_15_7) AppleWebKit/605.1.15 (KHTML, like Gecko) Version/18.6 Safari/605.1.15","ip":"::1"}
{"timestamp":"2025-09-06T07:40:22.001Z","level":"info","message":"Vehicle statistics retrieved","stats":{"running":0,"idle":0,"maintenance":0,"offline":0}}
{"timestamp":"2025-09-06T07:40:22.002Z","level":"info","message":"HTTP Request","method":"GET","url":"/api/v1/vehicles/stats","status":200,"duration":"8ms","userAgent":"Mozilla/5.0 (Macintosh; Intel Mac OS X 10_15_7) AppleWebKit/605.1.15 (KHTML, like Gecko) Version/18.6 Safari/605.1.15","ip":"::1"}
{"timestamp":"2025-09-06T07:40:22.003Z","level":"info","message":"HTTP Request","method":"GET","url":"/api/v1/licenses/expiring?within=60","status":200,"duration":"14ms","userAgent":"Mozilla/5.0 (Macintosh; Intel Mac OS X 10_15_7) AppleWebKit/605.1.15 (KHTML, like Gecko) Version/18.6 Safari/605.1.15","ip":"::1"}
{"timestamp":"2025-09-06T07:40:22.006Z","level":"info","message":"HTTP Request","method":"GET","url":"/api/v1/attendance/stats","status":200,"duration":"14ms","userAgent":"Mozilla/5.0 (Macintosh; Intel Mac OS X 10_15_7) AppleWebKit/605.1.15 (KHTML, like Gecko) Version/18.6 Safari/605.1.15","ip":"::1"}
{"timestamp":"2025-09-06T07:40:35.416Z","level":"info","message":"HTTP Request","method":"GET","url":"/api/v1/licenses/expiring?within=60","status":200,"duration":"8ms","userAgent":"Mozilla/5.0 (Macintosh; Intel Mac OS X 10_15_7) AppleWebKit/605.1.15 (KHTML, like Gecko) Version/18.6 Safari/605.1.15","ip":"::1"}
{"timestamp":"2025-09-06T07:41:05.575Z","level":"info","message":"Fetching vehicle statistics"}
{"timestamp":"2025-09-06T07:41:05.577Z","level":"info","message":"Fetching monitoring statistics"}
{"timestamp":"2025-09-06T07:41:05.579Z","level":"info","message":"Vehicle statistics retrieved","stats":{"running":0,"idle":0,"maintenance":0,"offline":0}}
{"timestamp":"2025-09-06T07:41:05.580Z","level":"info","message":"HTTP Request","method":"GET","url":"/api/v1/vehicles/stats","status":200,"duration":"5ms","userAgent":"Mozilla/5.0 (Macintosh; Intel Mac OS X 10_15_7) AppleWebKit/605.1.15 (KHTML, like Gecko) Version/18.6 Safari/605.1.15","ip":"::1"}
{"timestamp":"2025-09-06T07:41:05.582Z","level":"info","message":"Monitoring statistics retrieved","stats":{"online":0,"recording":0,"alert":3,"offline":0}}
{"timestamp":"2025-09-06T07:41:05.583Z","level":"info","message":"HTTP Request","method":"GET","url":"/api/v1/monitoring/stats","status":200,"duration":"6ms","userAgent":"Mozilla/5.0 (Macintosh; Intel Mac OS X 10_15_7) AppleWebKit/605.1.15 (KHTML, like Gecko) Version/18.6 Safari/605.1.15","ip":"::1"}
{"timestamp":"2025-09-06T07:41:05.587Z","level":"info","message":"HTTP Request","method":"GET","url":"/api/v1/attendance/stats","status":200,"duration":"13ms","userAgent":"Mozilla/5.0 (Macintosh; Intel Mac OS X 10_15_7) AppleWebKit/605.1.15 (KHTML, like Gecko) Version/18.6 Safari/605.1.15","ip":"::1"}
{"timestamp":"2025-09-06T07:41:21.995Z","level":"info","message":"HTTP Request","method":"GET","url":"/api/v1/licenses/expiring?within=60","status":200,"duration":"7ms","userAgent":"Mozilla/5.0 (Macintosh; Intel Mac OS X 10_15_7) AppleWebKit/605.1.15 (KHTML, like Gecko) Version/18.6 Safari/605.1.15","ip":"::1"}
{"timestamp":"2025-09-06T07:41:35.413Z","level":"info","message":"HTTP Request","method":"GET","url":"/api/v1/licenses/expiring?within=60","status":200,"duration":"5ms","userAgent":"Mozilla/5.0 (Macintosh; Intel Mac OS X 10_15_7) AppleWebKit/605.1.15 (KHTML, like Gecko) Version/18.6 Safari/605.1.15","ip":"::1"}
{"timestamp":"2025-09-06T07:41:51.993Z","level":"info","message":"Fetching vehicle statistics"}
{"timestamp":"2025-09-06T07:41:51.994Z","level":"info","message":"Fetching monitoring statistics"}
{"timestamp":"2025-09-06T07:41:51.996Z","level":"info","message":"Vehicle statistics retrieved","stats":{"running":0,"idle":0,"maintenance":0,"offline":0}}
{"timestamp":"2025-09-06T07:41:51.997Z","level":"info","message":"HTTP Request","method":"GET","url":"/api/v1/vehicles/stats","status":200,"duration":"4ms","userAgent":"Mozilla/5.0 (Macintosh; Intel Mac OS X 10_15_7) AppleWebKit/605.1.15 (KHTML, like Gecko) Version/18.6 Safari/605.1.15","ip":"::1"}
{"timestamp":"2025-09-06T07:41:51.997Z","level":"info","message":"Monitoring statistics retrieved","stats":{"online":0,"recording":0,"alert":3,"offline":0}}
{"timestamp":"2025-09-06T07:41:51.999Z","level":"info","message":"HTTP Request","method":"GET","url":"/api/v1/monitoring/stats","status":200,"duration":"5ms","userAgent":"Mozilla/5.0 (Macintosh; Intel Mac OS X 10_15_7) AppleWebKit/605.1.15 (KHTML, like Gecko) Version/18.6 Safari/605.1.15","ip":"::1"}
{"timestamp":"2025-09-06T07:41:52.002Z","level":"info","message":"HTTP Request","method":"GET","url":"/api/v1/attendance/stats","status":200,"duration":"11ms","userAgent":"Mozilla/5.0 (Macintosh; Intel Mac OS X 10_15_7) AppleWebKit/605.1.15 (KHTML, like Gecko) Version/18.6 Safari/605.1.15","ip":"::1"}
{"timestamp":"2025-09-06T07:42:21.995Z","level":"info","message":"HTTP Request","method":"GET","url":"/api/v1/licenses/expiring?within=60","status":200,"duration":"7ms","userAgent":"Mozilla/5.0 (Macintosh; Intel Mac OS X 10_15_7) AppleWebKit/605.1.15 (KHTML, like Gecko) Version/18.6 Safari/605.1.15","ip":"::1"}
{"timestamp":"2025-09-06T08:06:02.591Z","level":"info","message":"HTTP Request","method":"POST","url":"/api/v1/auth/login","status":200,"duration":"228ms","userAgent":"Mozilla/5.0 (Macintosh; Intel Mac OS X 10_15_7) AppleWebKit/605.1.15 (KHTML, like Gecko) Version/18.6 Safari/605.1.15","ip":"::1"}
{"timestamp":"2025-09-06T08:06:02.743Z","level":"info","message":"HTTP Request","method":"GET","url":"/api/v1/attendance/records?page=1&limit=10&search=","status":200,"duration":"3ms","userAgent":"Mozilla/5.0 (Macintosh; Intel Mac OS X 10_15_7) AppleWebKit/605.1.15 (KHTML, like Gecko) Version/18.6 Safari/605.1.15","ip":"::1"}
{"timestamp":"2025-09-06T08:06:02.744Z","level":"info","message":"HTTP Request","method":"GET","url":"/api/v1/attendance/stats","status":200,"duration":"4ms","userAgent":"Mozilla/5.0 (Macintosh; Intel Mac OS X 10_15_7) AppleWebKit/605.1.15 (KHTML, like Gecko) Version/18.6 Safari/605.1.15","ip":"::1"}
{"timestamp":"2025-09-06T08:06:04.607Z","level":"info","message":"HTTP Request","method":"GET","url":"/api/v1/departments?include_inactive=false","status":200,"duration":"2ms","userAgent":"Mozilla/5.0 (Macintosh; Intel Mac OS X 10_15_7) AppleWebKit/605.1.15 (KHTML, like Gecko) Version/18.6 Safari/605.1.15","ip":"::1"}
{"timestamp":"2025-09-06T08:06:05.272Z","level":"info","message":"HTTP Request","method":"GET","url":"/api/v1/worksites?page=1&limit=10&search=&status=","status":200,"duration":"3ms","userAgent":"Mozilla/5.0 (Macintosh; Intel Mac OS X 10_15_7) AppleWebKit/605.1.15 (KHTML, like Gecko) Version/18.6 Safari/605.1.15","ip":"::1"}
{"timestamp":"2025-09-06T08:06:05.934Z","level":"info","message":"HTTP Request","method":"GET","url":"/api/v1/employees?page=1&limit=10&search=&status=&department=&worksite_id=","status":200,"duration":"8ms","userAgent":"Mozilla/5.0 (Macintosh; Intel Mac OS X 10_15_7) AppleWebKit/605.1.15 (KHTML, like Gecko) Version/18.6 Safari/605.1.15","ip":"::1"}
{"timestamp":"2025-09-06T08:06:05.935Z","level":"info","message":"HTTP Request","method":"GET","url":"/api/v1/worksites","status":200,"duration":"8ms","userAgent":"Mozilla/5.0 (Macintosh; Intel Mac OS X 10_15_7) AppleWebKit/605.1.15 (KHTML, like Gecko) Version/18.6 Safari/605.1.15","ip":"::1"}
{"timestamp":"2025-09-06T08:06:06.658Z","level":"info","message":"HTTP Request","method":"GET","url":"/api/v1/worksites","status":200,"duration":"8ms","userAgent":"Mozilla/5.0 (Macintosh; Intel Mac OS X 10_15_7) AppleWebKit/605.1.15 (KHTML, like Gecko) Version/18.6 Safari/605.1.15","ip":"::1"}
{"timestamp":"2025-09-06T08:06:06.662Z","level":"info","message":"HTTP Request","method":"GET","url":"/api/v1/qrcode?page=1&limit=10&worksite_id=","status":200,"duration":"9ms","userAgent":"Mozilla/5.0 (Macintosh; Intel Mac OS X 10_15_7) AppleWebKit/605.1.15 (KHTML, like Gecko) Version/18.6 Safari/605.1.15","ip":"::1"}
{"timestamp":"2025-09-06T08:06:06.664Z","level":"info","message":"HTTP Request","method":"GET","url":"/api/v1/qrcode/stats","status":200,"duration":"12ms","userAgent":"Mozilla/5.0 (Macintosh; Intel Mac OS X 10_15_7) AppleWebKit/605.1.15 (KHTML, like Gecko) Version/18.6 Safari/605.1.15","ip":"::1"}
{"timestamp":"2025-09-06T08:06:07.122Z","level":"info","message":"HTTP Request","method":"GET","url":"/api/v1/licenses/expiring?within=60&limit=50&sortBy=expiry_date&sortOrder=ASC","status":200,"duration":"8ms","userAgent":"Mozilla/5.0 (Macintosh; Intel Mac OS X 10_15_7) AppleWebKit/605.1.15 (KHTML, like Gecko) Version/18.6 Safari/605.1.15","ip":"::1"}
{"timestamp":"2025-09-06T08:06:07.123Z","level":"info","message":"HTTP Request","method":"GET","url":"/api/v1/licenses/types","status":200,"duration":"10ms","userAgent":"Mozilla/5.0 (Macintosh; Intel Mac OS X 10_15_7) AppleWebKit/605.1.15 (KHTML, like Gecko) Version/18.6 Safari/605.1.15","ip":"::1"}
{"timestamp":"2025-09-06T08:06:07.129Z","level":"info","message":"HTTP Request","method":"GET","url":"/api/v1/employees?page=1&limit=500","status":200,"duration":"14ms","userAgent":"Mozilla/5.0 (Macintosh; Intel Mac OS X 10_15_7) AppleWebKit/605.1.15 (KHTML, like Gecko) Version/18.6 Safari/605.1.15","ip":"::1"}
{"timestamp":"2025-09-06T08:06:08.900Z","level":"info","message":"HTTP Request","method":"GET","url":"/api/v1/worksites","status":200,"duration":"12ms","userAgent":"Mozilla/5.0 (Macintosh; Intel Mac OS X 10_15_7) AppleWebKit/605.1.15 (KHTML, like Gecko) Version/18.6 Safari/605.1.15","ip":"::1"}
{"timestamp":"2025-09-06T08:06:08.902Z","level":"info","message":"HTTP Request","method":"GET","url":"/api/v1/qrcode?page=1&limit=10&worksite_id=","status":200,"duration":"12ms","userAgent":"Mozilla/5.0 (Macintosh; Intel Mac OS X 10_15_7) AppleWebKit/605.1.15 (KHTML, like Gecko) Version/18.6 Safari/605.1.15","ip":"::1"}
{"timestamp":"2025-09-06T08:06:08.904Z","level":"info","message":"HTTP Request","method":"GET","url":"/api/v1/qrcode/stats","status":200,"duration":"18ms","userAgent":"Mozilla/5.0 (Macintosh; Intel Mac OS X 10_15_7) AppleWebKit/605.1.15 (KHTML, like Gecko) Version/18.6 Safari/605.1.15","ip":"::1"}
{"timestamp":"2025-09-06T08:06:09.355Z","level":"info","message":"HTTP Request","method":"GET","url":"/api/v1/licenses/ocr/pending?page=1&limit=10","status":200,"duration":"4ms","userAgent":"Mozilla/5.0 (Macintosh; Intel Mac OS X 10_15_7) AppleWebKit/605.1.15 (KHTML, like Gecko) Version/18.6 Safari/605.1.15","ip":"::1"}
{"timestamp":"2025-09-06T08:06:09.370Z","level":"info","message":"HTTP Request","method":"GET","url":"/api/v1/licenses/ocr/pending?page=1&limit=10","status":200,"duration":"3ms","userAgent":"Mozilla/5.0 (Macintosh; Intel Mac OS X 10_15_7) AppleWebKit/605.1.15 (KHTML, like Gecko) Version/18.6 Safari/605.1.15","ip":"::1"}
{"timestamp":"2025-09-06T08:06:09.749Z","level":"info","message":"HTTP Request","method":"GET","url":"/api/v1/licenses/types","status":200,"duration":"4ms","userAgent":"Mozilla/5.0 (Macintosh; Intel Mac OS X 10_15_7) AppleWebKit/605.1.15 (KHTML, like Gecko) Version/18.6 Safari/605.1.15","ip":"::1"}
{"timestamp":"2025-09-06T08:06:09.754Z","level":"info","message":"HTTP Request","method":"GET","url":"/api/v1/licenses/expiring?within=30&includeExpired=true&search=&status=&page=1&limit=20&sortBy=expiry_date&sortOrder=ASC","status":200,"duration":"4ms","userAgent":"Mozilla/5.0 (Macintosh; Intel Mac OS X 10_15_7) AppleWebKit/605.1.15 (KHTML, like Gecko) Version/18.6 Safari/605.1.15","ip":"::1"}
{"timestamp":"2025-09-06T08:06:10.219Z","level":"info","message":"HTTP Request","method":"GET","url":"/api/v1/employees?page=1&limit=500","status":200,"duration":"17ms","userAgent":"Mozilla/5.0 (Macintosh; Intel Mac OS X 10_15_7) AppleWebKit/605.1.15 (KHTML, like Gecko) Version/18.6 Safari/605.1.15","ip":"::1"}
{"timestamp":"2025-09-06T08:06:10.220Z","level":"info","message":"HTTP Request","method":"GET","url":"/api/v1/licenses/types","status":200,"duration":"19ms","userAgent":"Mozilla/5.0 (Macintosh; Intel Mac OS X 10_15_7) AppleWebKit/605.1.15 (KHTML, like Gecko) Version/18.6 Safari/605.1.15","ip":"::1"}
{"timestamp":"2025-09-06T08:06:10.221Z","level":"info","message":"HTTP Request","method":"GET","url":"/api/v1/licenses/expiring?within=60&limit=50&sortBy=expiry_date&sortOrder=ASC","status":200,"duration":"17ms","userAgent":"Mozilla/5.0 (Macintosh; Intel Mac OS X 10_15_7) AppleWebKit/605.1.15 (KHTML, like Gecko) Version/18.6 Safari/605.1.15","ip":"::1"}
{"timestamp":"2025-09-06T08:06:11.969Z","level":"info","message":"Fetching vehicle statistics"}
{"timestamp":"2025-09-06T08:06:11.970Z","level":"info","message":"Fetching monitoring statistics"}
{"timestamp":"2025-09-06T08:06:11.972Z","level":"info","message":"Monitoring statistics retrieved","stats":{"online":0,"recording":0,"alert":3,"offline":0}}
{"timestamp":"2025-09-06T08:06:11.973Z","level":"info","message":"HTTP Request","method":"GET","url":"/api/v1/monitoring/stats","status":200,"duration":"3ms","userAgent":"Mozilla/5.0 (Macintosh; Intel Mac OS X 10_15_7) AppleWebKit/605.1.15 (KHTML, like Gecko) Version/18.6 Safari/605.1.15","ip":"::1"}
{"timestamp":"2025-09-06T08:06:11.973Z","level":"info","message":"Vehicle statistics retrieved","stats":{"running":0,"idle":0,"maintenance":0,"offline":0}}
{"timestamp":"2025-09-06T08:06:11.974Z","level":"info","message":"HTTP Request","method":"GET","url":"/api/v1/vehicles/stats","status":200,"duration":"5ms","userAgent":"Mozilla/5.0 (Macintosh; Intel Mac OS X 10_15_7) AppleWebKit/605.1.15 (KHTML, like Gecko) Version/18.6 Safari/605.1.15","ip":"::1"}
{"timestamp":"2025-09-06T08:06:11.976Z","level":"info","message":"HTTP Request","method":"GET","url":"/api/v1/licenses/expiring?within=60","status":200,"duration":"7ms","userAgent":"Mozilla/5.0 (Macintosh; Intel Mac OS X 10_15_7) AppleWebKit/605.1.15 (KHTML, like Gecko) Version/18.6 Safari/605.1.15","ip":"::1"}
{"timestamp":"2025-09-06T08:06:11.976Z","level":"info","message":"HTTP Request","method":"GET","url":"/api/v1/attendance/stats","status":200,"duration":"9ms","userAgent":"Mozilla/5.0 (Macintosh; Intel Mac OS X 10_15_7) AppleWebKit/605.1.15 (KHTML, like Gecko) Version/18.6 Safari/605.1.15","ip":"::1"}
{"timestamp":"2025-09-06T08:06:12.562Z","level":"info","message":"HTTP Request","method":"GET","url":"/api/v1/attendance/records?page=1&limit=10&search=","status":200,"duration":"7ms","userAgent":"Mozilla/5.0 (Macintosh; Intel Mac OS X 10_15_7) AppleWebKit/605.1.15 (KHTML, like Gecko) Version/18.6 Safari/605.1.15","ip":"::1"}
{"timestamp":"2025-09-06T08:06:12.564Z","level":"info","message":"HTTP Request","method":"GET","url":"/api/v1/attendance/stats","status":200,"duration":"10ms","userAgent":"Mozilla/5.0 (Macintosh; Intel Mac OS X 10_15_7) AppleWebKit/605.1.15 (KHTML, like Gecko) Version/18.6 Safari/605.1.15","ip":"::1"}
{"timestamp":"2025-09-06T08:06:13.018Z","level":"info","message":"HTTP Request","method":"GET","url":"/api/v1/employees?page=1&limit=1000","status":200,"duration":"9ms","userAgent":"Mozilla/5.0 (Macintosh; Intel Mac OS X 10_15_7) AppleWebKit/605.1.15 (KHTML, like Gecko) Version/18.6 Safari/605.1.15","ip":"::1"}
{"timestamp":"2025-09-06T08:06:13.023Z","level":"info","message":"HTTP Request","method":"GET","url":"/api/v1/worksites?page=1&limit=1000","status":200,"duration":"14ms","userAgent":"Mozilla/5.0 (Macintosh; Intel Mac OS X 10_15_7) AppleWebKit/605.1.15 (KHTML, like Gecko) Version/18.6 Safari/605.1.15","ip":"::1"}
{"timestamp":"2025-09-06T08:06:13.024Z","level":"info","message":"HTTP Request","method":"GET","url":"/api/v1/checkins/records?page=1&limit=20","status":200,"duration":"16ms","userAgent":"Mozilla/5.0 (Macintosh; Intel Mac OS X 10_15_7) AppleWebKit/605.1.15 (KHTML, like Gecko) Version/18.6 Safari/605.1.15","ip":"::1"}
{"timestamp":"2025-09-06T08:06:14.239Z","level":"info","message":"HTTP Request","method":"GET","url":"/api/v1/licenses/expiring?within=60","status":200,"duration":"18ms","userAgent":"Mozilla/5.0 (Macintosh; Intel Mac OS X 10_15_7) AppleWebKit/605.1.15 (KHTML, like Gecko) Version/18.6 Safari/605.1.15","ip":"::1"}
{"timestamp":"2025-09-06T08:06:14.716Z","level":"info","message":"HTTP Request","method":"GET","url":"/api/v1/checkins/records?page=1&limit=20","status":200,"duration":"17ms","userAgent":"Mozilla/5.0 (Macintosh; Intel Mac OS X 10_15_7) AppleWebKit/605.1.15 (KHTML, like Gecko) Version/18.6 Safari/605.1.15","ip":"::1"}
{"timestamp":"2025-09-06T08:06:14.720Z","level":"info","message":"HTTP Request","method":"GET","url":"/api/v1/employees?page=1&limit=1000","status":200,"duration":"22ms","userAgent":"Mozilla/5.0 (Macintosh; Intel Mac OS X 10_15_7) AppleWebKit/605.1.15 (KHTML, like Gecko) Version/18.6 Safari/605.1.15","ip":"::1"}
{"timestamp":"2025-09-06T08:06:14.721Z","level":"info","message":"HTTP Request","method":"GET","url":"/api/v1/worksites?page=1&limit=1000","status":200,"duration":"26ms","userAgent":"Mozilla/5.0 (Macintosh; Intel Mac OS X 10_15_7) AppleWebKit/605.1.15 (KHTML, like Gecko) Version/18.6 Safari/605.1.15","ip":"::1"}
{"timestamp":"2025-09-06T08:06:16.271Z","level":"info","message":"HTTP Request","method":"GET","url":"/api/v1/checkins/records?page=1&limit=20","status":200,"duration":"18ms","userAgent":"Mozilla/5.0 (Macintosh; Intel Mac OS X 10_15_7) AppleWebKit/605.1.15 (KHTML, like Gecko) Version/18.6 Safari/605.1.15","ip":"::1"}
{"timestamp":"2025-09-06T08:06:16.274Z","level":"info","message":"HTTP Request","method":"GET","url":"/api/v1/employees?page=1&limit=1000","status":200,"duration":"25ms","userAgent":"Mozilla/5.0 (Macintosh; Intel Mac OS X 10_15_7) AppleWebKit/605.1.15 (KHTML, like Gecko) Version/18.6 Safari/605.1.15","ip":"::1"}
{"timestamp":"2025-09-06T08:06:16.275Z","level":"info","message":"HTTP Request","method":"GET","url":"/api/v1/worksites?page=1&limit=1000","status":200,"duration":"23ms","userAgent":"Mozilla/5.0 (Macintosh; Intel Mac OS X 10_15_7) AppleWebKit/605.1.15 (KHTML, like Gecko) Version/18.6 Safari/605.1.15","ip":"::1"}
{"timestamp":"2025-09-06T08:06:17.940Z","level":"info","message":"HTTP Request","method":"GET","url":"/api/v1/employees?page=1&limit=1000","status":200,"duration":"12ms","userAgent":"Mozilla/5.0 (Macintosh; Intel Mac OS X 10_15_7) AppleWebKit/605.1.15 (KHTML, like Gecko) Version/18.6 Safari/605.1.15","ip":"::1"}
{"timestamp":"2025-09-06T08:06:17.941Z","level":"info","message":"HTTP Request","method":"GET","url":"/api/v1/worksites?page=1&limit=1000","status":200,"duration":"12ms","userAgent":"Mozilla/5.0 (Macintosh; Intel Mac OS X 10_15_7) AppleWebKit/605.1.15 (KHTML, like Gecko) Version/18.6 Safari/605.1.15","ip":"::1"}
{"timestamp":"2025-09-06T08:06:17.942Z","level":"info","message":"HTTP Request","method":"GET","url":"/api/v1/checkins/records?page=1&limit=20","status":200,"duration":"13ms","userAgent":"Mozilla/5.0 (Macintosh; Intel Mac OS X 10_15_7) AppleWebKit/605.1.15 (KHTML, like Gecko) Version/18.6 Safari/605.1.15","ip":"::1"}
{"timestamp":"2025-09-06T08:06:18.414Z","level":"info","message":"HTTP Request","method":"GET","url":"/api/v1/employees?page=1&limit=10&search=&status=&department=&worksite_id=","status":200,"duration":"17ms","userAgent":"Mozilla/5.0 (Macintosh; Intel Mac OS X 10_15_7) AppleWebKit/605.1.15 (KHTML, like Gecko) Version/18.6 Safari/605.1.15","ip":"::1"}
{"timestamp":"2025-09-06T08:06:18.416Z","level":"info","message":"HTTP Request","method":"GET","url":"/api/v1/worksites","status":200,"duration":"17ms","userAgent":"Mozilla/5.0 (Macintosh; Intel Mac OS X 10_15_7) AppleWebKit/605.1.15 (KHTML, like Gecko) Version/18.6 Safari/605.1.15","ip":"::1"}
{"timestamp":"2025-09-06T08:06:19.724Z","level":"info","message":"HTTP Request","method":"GET","url":"/api/v1/checkins/records?page=1&limit=20","status":200,"duration":"16ms","userAgent":"Mozilla/5.0 (Macintosh; Intel Mac OS X 10_15_7) AppleWebKit/605.1.15 (KHTML, like Gecko) Version/18.6 Safari/605.1.15","ip":"::1"}
{"timestamp":"2025-09-06T08:06:19.727Z","level":"info","message":"HTTP Request","method":"GET","url":"/api/v1/worksites?page=1&limit=1000","status":200,"duration":"20ms","userAgent":"Mozilla/5.0 (Macintosh; Intel Mac OS X 10_15_7) AppleWebKit/605.1.15 (KHTML, like Gecko) Version/18.6 Safari/605.1.15","ip":"::1"}
{"timestamp":"2025-09-06T08:06:19.728Z","level":"info","message":"HTTP Request","method":"GET","url":"/api/v1/employees?page=1&limit=1000","status":200,"duration":"23ms","userAgent":"Mozilla/5.0 (Macintosh; Intel Mac OS X 10_15_7) AppleWebKit/605.1.15 (KHTML, like Gecko) Version/18.6 Safari/605.1.15","ip":"::1"}
{"timestamp":"2025-09-06T08:06:21.542Z","level":"info","message":"HTTP Request","method":"GET","url":"/api/v1/attendance/records?page=1&limit=10&search=","status":200,"duration":"7ms","userAgent":"Mozilla/5.0 (Macintosh; Intel Mac OS X 10_15_7) AppleWebKit/605.1.15 (KHTML, like Gecko) Version/18.6 Safari/605.1.15","ip":"::1"}
{"timestamp":"2025-09-06T08:06:21.545Z","level":"info","message":"HTTP Request","method":"GET","url":"/api/v1/attendance/stats","status":200,"duration":"11ms","userAgent":"Mozilla/5.0 (Macintosh; Intel Mac OS X 10_15_7) AppleWebKit/605.1.15 (KHTML, like Gecko) Version/18.6 Safari/605.1.15","ip":"::1"}
{"timestamp":"2025-09-06T08:06:23.876Z","level":"info","message":"HTTP Request","method":"GET","url":"/api/v1/licenses/expiring?within=60&limit=50&sortBy=expiry_date&sortOrder=ASC","status":200,"duration":"15ms","userAgent":"Mozilla/5.0 (Macintosh; Intel Mac OS X 10_15_7) AppleWebKit/605.1.15 (KHTML, like Gecko) Version/18.6 Safari/605.1.15","ip":"::1"}
{"timestamp":"2025-09-06T08:06:23.877Z","level":"info","message":"HTTP Request","method":"GET","url":"/api/v1/licenses/types","status":200,"duration":"18ms","userAgent":"Mozilla/5.0 (Macintosh; Intel Mac OS X 10_15_7) AppleWebKit/605.1.15 (KHTML, like Gecko) Version/18.6 Safari/605.1.15","ip":"::1"}
{"timestamp":"2025-09-06T08:06:23.878Z","level":"info","message":"HTTP Request","method":"GET","url":"/api/v1/employees?page=1&limit=500","status":200,"duration":"16ms","userAgent":"Mozilla/5.0 (Macintosh; Intel Mac OS X 10_15_7) AppleWebKit/605.1.15 (KHTML, like Gecko) Version/18.6 Safari/605.1.15","ip":"::1"}
{"timestamp":"2025-09-06T08:06:24.876Z","level":"info","message":"HTTP Request","method":"GET","url":"/api/v1/worksites","status":200,"duration":"13ms","userAgent":"Mozilla/5.0 (Macintosh; Intel Mac OS X 10_15_7) AppleWebKit/605.1.15 (KHTML, like Gecko) Version/18.6 Safari/605.1.15","ip":"::1"}
{"timestamp":"2025-09-06T08:06:24.878Z","level":"info","message":"HTTP Request","method":"GET","url":"/api/v1/qrcode?page=1&limit=10&worksite_id=","status":200,"duration":"12ms","userAgent":"Mozilla/5.0 (Macintosh; Intel Mac OS X 10_15_7) AppleWebKit/605.1.15 (KHTML, like Gecko) Version/18.6 Safari/605.1.15","ip":"::1"}
{"timestamp":"2025-09-06T08:06:24.880Z","level":"info","message":"HTTP Request","method":"GET","url":"/api/v1/qrcode/stats","status":200,"duration":"15ms","userAgent":"Mozilla/5.0 (Macintosh; Intel Mac OS X 10_15_7) AppleWebKit/605.1.15 (KHTML, like Gecko) Version/18.6 Safari/605.1.15","ip":"::1"}
{"timestamp":"2025-09-06T08:06:25.434Z","level":"info","message":"HTTP Request","method":"GET","url":"/api/v1/worksites?page=1&limit=10&search=&status=","status":200,"duration":"6ms","userAgent":"Mozilla/5.0 (Macintosh; Intel Mac OS X 10_15_7) AppleWebKit/605.1.15 (KHTML, like Gecko) Version/18.6 Safari/605.1.15","ip":"::1"}
{"timestamp":"2025-09-06T08:06:31.810Z","level":"info","message":"HTTP Request","method":"GET","url":"/api/v1/worksites","status":200,"duration":"10ms","userAgent":"Mozilla/5.0 (Macintosh; Intel Mac OS X 10_15_7) AppleWebKit/605.1.15 (KHTML, like Gecko) Version/18.6 Safari/605.1.15","ip":"::1"}
{"timestamp":"2025-09-06T08:06:31.813Z","level":"info","message":"HTTP Request","method":"GET","url":"/api/v1/qrcode?page=1&limit=10&worksite_id=","status":200,"duration":"12ms","userAgent":"Mozilla/5.0 (Macintosh; Intel Mac OS X 10_15_7) AppleWebKit/605.1.15 (KHTML, like Gecko) Version/18.6 Safari/605.1.15","ip":"::1"}
{"timestamp":"2025-09-06T08:06:31.815Z","level":"info","message":"HTTP Request","method":"GET","url":"/api/v1/qrcode/stats","status":200,"duration":"17ms","userAgent":"Mozilla/5.0 (Macintosh; Intel Mac OS X 10_15_7) AppleWebKit/605.1.15 (KHTML, like Gecko) Version/18.6 Safari/605.1.15","ip":"::1"}
{"timestamp":"2025-09-06T08:06:44.223Z","level":"info","message":"Fetching vehicle statistics"}
{"timestamp":"2025-09-06T08:06:44.226Z","level":"info","message":"Fetching monitoring statistics"}
{"timestamp":"2025-09-06T08:06:44.227Z","level":"info","message":"Vehicle statistics retrieved","stats":{"running":0,"idle":0,"maintenance":0,"offline":0}}
{"timestamp":"2025-09-06T08:06:44.227Z","level":"info","message":"HTTP Request","method":"GET","url":"/api/v1/vehicles/stats","status":200,"duration":"4ms","userAgent":"Mozilla/5.0 (Macintosh; Intel Mac OS X 10_15_7) AppleWebKit/605.1.15 (KHTML, like Gecko) Version/18.6 Safari/605.1.15","ip":"::1"}
{"timestamp":"2025-09-06T08:06:44.230Z","level":"info","message":"Monitoring statistics retrieved","stats":{"online":0,"recording":0,"alert":3,"offline":0}}
{"timestamp":"2025-09-06T08:06:44.230Z","level":"info","message":"HTTP Request","method":"GET","url":"/api/v1/monitoring/stats","status":200,"duration":"4ms","userAgent":"Mozilla/5.0 (Macintosh; Intel Mac OS X 10_15_7) AppleWebKit/605.1.15 (KHTML, like Gecko) Version/18.6 Safari/605.1.15","ip":"::1"}
{"timestamp":"2025-09-06T08:06:44.235Z","level":"info","message":"HTTP Request","method":"GET","url":"/api/v1/attendance/stats","status":200,"duration":"10ms","userAgent":"Mozilla/5.0 (Macintosh; Intel Mac OS X 10_15_7) AppleWebKit/605.1.15 (KHTML, like Gecko) Version/18.6 Safari/605.1.15","ip":"::1"}
{"timestamp":"2025-09-06T08:07:11.983Z","level":"info","message":"HTTP Request","method":"GET","url":"/api/v1/licenses/expiring?within=60","status":200,"duration":"7ms","userAgent":"Mozilla/5.0 (Macintosh; Intel Mac OS X 10_15_7) AppleWebKit/605.1.15 (KHTML, like Gecko) Version/18.6 Safari/605.1.15","ip":"::1"}
{"timestamp":"2025-09-06T08:07:14.229Z","level":"info","message":"HTTP Request","method":"GET","url":"/api/v1/licenses/expiring?within=60","status":200,"duration":"8ms","userAgent":"Mozilla/5.0 (Macintosh; Intel Mac OS X 10_15_7) AppleWebKit/605.1.15 (KHTML, like Gecko) Version/18.6 Safari/605.1.15","ip":"::1"}
{"timestamp":"2025-09-06T08:07:41.971Z","level":"info","message":"Fetching vehicle statistics"}
{"timestamp":"2025-09-06T08:07:41.974Z","level":"info","message":"Fetching monitoring statistics"}
{"timestamp":"2025-09-06T08:07:41.975Z","level":"info","message":"Vehicle statistics retrieved","stats":{"running":0,"idle":0,"maintenance":0,"offline":0}}
{"timestamp":"2025-09-06T08:07:41.976Z","level":"info","message":"HTTP Request","method":"GET","url":"/api/v1/vehicles/stats","status":200,"duration":"5ms","userAgent":"Mozilla/5.0 (Macintosh; Intel Mac OS X 10_15_7) AppleWebKit/605.1.15 (KHTML, like Gecko) Version/18.6 Safari/605.1.15","ip":"::1"}
{"timestamp":"2025-09-06T08:07:41.980Z","level":"info","message":"Monitoring statistics retrieved","stats":{"online":0,"recording":0,"alert":3,"offline":0}}
{"timestamp":"2025-09-06T08:07:41.981Z","level":"info","message":"HTTP Request","method":"GET","url":"/api/v1/monitoring/stats","status":200,"duration":"7ms","userAgent":"Mozilla/5.0 (Macintosh; Intel Mac OS X 10_15_7) AppleWebKit/605.1.15 (KHTML, like Gecko) Version/18.6 Safari/605.1.15","ip":"::1"}
{"timestamp":"2025-09-06T08:07:41.985Z","level":"info","message":"HTTP Request","method":"GET","url":"/api/v1/attendance/stats","status":200,"duration":"12ms","userAgent":"Mozilla/5.0 (Macintosh; Intel Mac OS X 10_15_7) AppleWebKit/605.1.15 (KHTML, like Gecko) Version/18.6 Safari/605.1.15","ip":"::1"}
{"timestamp":"2025-09-06T08:08:11.977Z","level":"info","message":"HTTP Request","method":"GET","url":"/api/v1/licenses/expiring?within=60","status":200,"duration":"8ms","userAgent":"Mozilla/5.0 (Macintosh; Intel Mac OS X 10_15_7) AppleWebKit/605.1.15 (KHTML, like Gecko) Version/18.6 Safari/605.1.15","ip":"::1"}
{"timestamp":"2025-09-06T08:08:14.224Z","level":"info","message":"Fetching monitoring statistics"}
{"timestamp":"2025-09-06T08:08:14.227Z","level":"info","message":"Fetching vehicle statistics"}
{"timestamp":"2025-09-06T08:08:14.231Z","level":"info","message":"Vehicle statistics retrieved","stats":{"running":0,"idle":0,"maintenance":0,"offline":0}}
{"timestamp":"2025-09-06T08:08:14.233Z","level":"info","message":"HTTP Request","method":"GET","url":"/api/v1/vehicles/stats","status":200,"duration":"6ms","userAgent":"Mozilla/5.0 (Macintosh; Intel Mac OS X 10_15_7) AppleWebKit/605.1.15 (KHTML, like Gecko) Version/18.6 Safari/605.1.15","ip":"::1"}
{"timestamp":"2025-09-06T08:08:14.233Z","level":"info","message":"Monitoring statistics retrieved","stats":{"online":0,"recording":0,"alert":3,"offline":0}}
{"timestamp":"2025-09-06T08:08:14.236Z","level":"info","message":"HTTP Request","method":"GET","url":"/api/v1/monitoring/stats","status":200,"duration":"11ms","userAgent":"Mozilla/5.0 (Macintosh; Intel Mac OS X 10_15_7) AppleWebKit/605.1.15 (KHTML, like Gecko) Version/18.6 Safari/605.1.15","ip":"::1"}
{"timestamp":"2025-09-06T08:08:14.239Z","level":"info","message":"HTTP Request","method":"GET","url":"/api/v1/licenses/expiring?within=60","status":200,"duration":"19ms","userAgent":"Mozilla/5.0 (Macintosh; Intel Mac OS X 10_15_7) AppleWebKit/605.1.15 (KHTML, like Gecko) Version/18.6 Safari/605.1.15","ip":"::1"}
{"timestamp":"2025-09-06T08:08:14.243Z","level":"info","message":"HTTP Request","method":"GET","url":"/api/v1/attendance/stats","status":200,"duration":"20ms","userAgent":"Mozilla/5.0 (Macintosh; Intel Mac OS X 10_15_7) AppleWebKit/605.1.15 (KHTML, like Gecko) Version/18.6 Safari/605.1.15","ip":"::1"}
{"timestamp":"2025-09-06T08:09:11.972Z","level":"info","message":"Fetching vehicle statistics"}
{"timestamp":"2025-09-06T08:09:11.973Z","level":"info","message":"Fetching monitoring statistics"}
{"timestamp":"2025-09-06T08:09:11.978Z","level":"info","message":"Vehicle statistics retrieved","stats":{"running":0,"idle":0,"maintenance":0,"offline":0}}
{"timestamp":"2025-09-06T08:09:11.979Z","level":"info","message":"HTTP Request","method":"GET","url":"/api/v1/vehicles/stats","status":200,"duration":"7ms","userAgent":"Mozilla/5.0 (Macintosh; Intel Mac OS X 10_15_7) AppleWebKit/605.1.15 (KHTML, like Gecko) Version/18.6 Safari/605.1.15","ip":"::1"}
{"timestamp":"2025-09-06T08:09:11.982Z","level":"info","message":"HTTP Request","method":"GET","url":"/api/v1/licenses/expiring?within=60","status":200,"duration":"14ms","userAgent":"Mozilla/5.0 (Macintosh; Intel Mac OS X 10_15_7) AppleWebKit/605.1.15 (KHTML, like Gecko) Version/18.6 Safari/605.1.15","ip":"::1"}
{"timestamp":"2025-09-06T08:09:11.982Z","level":"info","message":"Monitoring statistics retrieved","stats":{"online":0,"recording":0,"alert":3,"offline":0}}
{"timestamp":"2025-09-06T08:09:11.983Z","level":"info","message":"HTTP Request","method":"GET","url":"/api/v1/monitoring/stats","status":200,"duration":"10ms","userAgent":"Mozilla/5.0 (Macintosh; Intel Mac OS X 10_15_7) AppleWebKit/605.1.15 (KHTML, like Gecko) Version/18.6 Safari/605.1.15","ip":"::1"}
{"timestamp":"2025-09-06T08:09:11.986Z","level":"info","message":"HTTP Request","method":"GET","url":"/api/v1/attendance/stats","status":200,"duration":"15ms","userAgent":"Mozilla/5.0 (Macintosh; Intel Mac OS X 10_15_7) AppleWebKit/605.1.15 (KHTML, like Gecko) Version/18.6 Safari/605.1.15","ip":"::1"}
{"timestamp":"2025-09-06T08:09:14.229Z","level":"info","message":"HTTP Request","method":"GET","url":"/api/v1/licenses/expiring?within=60","status":200,"duration":"8ms","userAgent":"Mozilla/5.0 (Macintosh; Intel Mac OS X 10_15_7) AppleWebKit/605.1.15 (KHTML, like Gecko) Version/18.6 Safari/605.1.15","ip":"::1"}
